[0.109s] Invoking command in '/home/kevo/ros_ws/src/udemy_project/build/my_arm_bringup': CMAKE_PREFIX_PATH=${CMAKE_PREFIX_PATH}:/opt/ros/humble /usr/bin/cmake --build /home/kevo/ros_ws/src/udemy_project/build/my_arm_bringup -- -j8 -l8
[0.135s] -- Found ament_cmake: 1.3.5 (/opt/ros/humble/share/ament_cmake/cmake)
[0.362s] -- Configuring done
[0.367s] -- Generating done
[0.367s] -- Build files have been written to: /home/kevo/ros_ws/src/udemy_project/build/my_arm_bringup
[0.383s] Invoked command in '/home/kevo/ros_ws/src/udemy_project/build/my_arm_bringup' returned '0': CMAKE_PREFIX_PATH=${CMAKE_PREFIX_PATH}:/opt/ros/humble /usr/bin/cmake --build /home/kevo/ros_ws/src/udemy_project/build/my_arm_bringup -- -j8 -l8
[0.399s] Invoking command in '/home/kevo/ros_ws/src/udemy_project/build/my_arm_bringup': CMAKE_PREFIX_PATH=${CMAKE_PREFIX_PATH}:/opt/ros/humble /usr/bin/cmake --install /home/kevo/ros_ws/src/udemy_project/build/my_arm_bringup
[0.403s] -- Install configuration: ""
[0.403s] -- Up-to-date: /home/kevo/ros_ws/src/udemy_project/install/my_arm_bringup/share/my_arm_bringup//launch
[0.403s] -- Up-to-date: /home/kevo/ros_ws/src/udemy_project/install/my_arm_bringup/share/my_arm_bringup//launch/my_robot_gazebo.launch.xml
[0.403s] -- Up-to-date: /home/kevo/ros_ws/src/udemy_project/install/my_arm_bringup/share/ament_index/resource_index/package_run_dependencies/my_arm_bringup
[0.403s] -- Up-to-date: /home/kevo/ros_ws/src/udemy_project/install/my_arm_bringup/share/ament_index/resource_index/parent_prefix_path/my_arm_bringup
[0.403s] -- Up-to-date: /home/kevo/ros_ws/src/udemy_project/install/my_arm_bringup/share/my_arm_bringup/environment/ament_prefix_path.sh
[0.403s] -- Installing: /home/kevo/ros_ws/src/udemy_project/install/my_arm_bringup/share/my_arm_bringup/environment/ament_prefix_path.dsv
[0.404s] -- Up-to-date: /home/kevo/ros_ws/src/udemy_project/install/my_arm_bringup/share/my_arm_bringup/environment/path.sh
[0.404s] -- Installing: /home/kevo/ros_ws/src/udemy_project/install/my_arm_bringup/share/my_arm_bringup/environment/path.dsv
[0.404s] -- Up-to-date: /home/kevo/ros_ws/src/udemy_project/install/my_arm_bringup/share/my_arm_bringup/local_setup.bash
[0.404s] -- Up-to-date: /home/kevo/ros_ws/src/udemy_project/install/my_arm_bringup/share/my_arm_bringup/local_setup.sh
[0.404s] -- Up-to-date: /home/kevo/ros_ws/src/udemy_project/install/my_arm_bringup/share/my_arm_bringup/local_setup.zsh
[0.404s] -- Installing: /home/kevo/ros_ws/src/udemy_project/install/my_arm_bringup/share/my_arm_bringup/local_setup.dsv
[0.404s] -- Installing: /home/kevo/ros_ws/src/udemy_project/install/my_arm_bringup/share/my_arm_bringup/package.dsv
[0.404s] -- Up-to-date: /home/kevo/ros_ws/src/udemy_project/install/my_arm_bringup/share/ament_index/resource_index/packages/my_arm_bringup
[0.404s] -- Up-to-date: /home/kevo/ros_ws/src/udemy_project/install/my_arm_bringup/share/my_arm_bringup/cmake/my_arm_bringupConfig.cmake
[0.404s] -- Up-to-date: /home/kevo/ros_ws/src/udemy_project/install/my_arm_bringup/share/my_arm_bringup/cmake/my_arm_bringupConfig-version.cmake
[0.404s] -- Up-to-date: /home/kevo/ros_ws/src/udemy_project/install/my_arm_bringup/share/my_arm_bringup/package.xml
[0.405s] Invoked command in '/home/kevo/ros_ws/src/udemy_project/build/my_arm_bringup' returned '0': CMAKE_PREFIX_PATH=${CMAKE_PREFIX_PATH}:/opt/ros/humble /usr/bin/cmake --install /home/kevo/ros_ws/src/udemy_project/build/my_arm_bringup
