[0.096s] Invoking command in '/home/kevo/ros_ws/src/udemy_project/build/my_arm_description': CMAKE_PREFIX_PATH=${CMAKE_PREFIX_PATH}:/opt/ros/humble /usr/bin/cmake --build /home/kevo/ros_ws/src/udemy_project/build/my_arm_description -- -j8 -l8
[0.155s] Invoked command in '/home/kevo/ros_ws/src/udemy_project/build/my_arm_description' returned '0': CMAKE_PREFIX_PATH=${CMAKE_PREFIX_PATH}:/opt/ros/humble /usr/bin/cmake --build /home/kevo/ros_ws/src/udemy_project/build/my_arm_description -- -j8 -l8
[0.205s] Invoking command in '/home/kevo/ros_ws/src/udemy_project/build/my_arm_description': CMAKE_PREFIX_PATH=${CMAKE_PREFIX_PATH}:/opt/ros/humble /usr/bin/cmake --install /home/kevo/ros_ws/src/udemy_project/build/my_arm_description
[0.215s] -- Install configuration: ""
[0.215s] -- Up-to-date: /home/kevo/ros_ws/src/udemy_project/install/my_arm_description/share/my_arm_description//urdf
[0.216s] -- Up-to-date: /home/kevo/ros_ws/src/udemy_project/install/my_arm_description/share/my_arm_description//urdf/my_robot.urdf.xacro
[0.216s] -- Up-to-date: /home/kevo/ros_ws/src/udemy_project/install/my_arm_description/share/ament_index/resource_index/package_run_dependencies/my_arm_description
[0.217s] -- Up-to-date: /home/kevo/ros_ws/src/udemy_project/install/my_arm_description/share/ament_index/resource_index/parent_prefix_path/my_arm_description
[0.217s] -- Up-to-date: /home/kevo/ros_ws/src/udemy_project/install/my_arm_description/share/my_arm_description/environment/ament_prefix_path.sh
[0.217s] -- Up-to-date: /home/kevo/ros_ws/src/udemy_project/install/my_arm_description/share/my_arm_description/environment/ament_prefix_path.dsv
[0.217s] -- Up-to-date: /home/kevo/ros_ws/src/udemy_project/install/my_arm_description/share/my_arm_description/environment/path.sh
[0.217s] -- Up-to-date: /home/kevo/ros_ws/src/udemy_project/install/my_arm_description/share/my_arm_description/environment/path.dsv
[0.218s] -- Up-to-date: /home/kevo/ros_ws/src/udemy_project/install/my_arm_description/share/my_arm_description/local_setup.bash
[0.218s] -- Up-to-date: /home/kevo/ros_ws/src/udemy_project/install/my_arm_description/share/my_arm_description/local_setup.sh
[0.219s] -- Up-to-date: /home/kevo/ros_ws/src/udemy_project/install/my_arm_description/share/my_arm_description/local_setup.zsh
[0.220s] -- Up-to-date: /home/kevo/ros_ws/src/udemy_project/install/my_arm_description/share/my_arm_description/local_setup.dsv
[0.221s] -- Up-to-date: /home/kevo/ros_ws/src/udemy_project/install/my_arm_description/share/my_arm_description/package.dsv
[0.222s] -- Up-to-date: /home/kevo/ros_ws/src/udemy_project/install/my_arm_description/share/ament_index/resource_index/packages/my_arm_description
[0.222s] -- Up-to-date: /home/kevo/ros_ws/src/udemy_project/install/my_arm_description/share/my_arm_description/cmake/my_arm_descriptionConfig.cmake
[0.224s] -- Up-to-date: /home/kevo/ros_ws/src/udemy_project/install/my_arm_description/share/my_arm_description/cmake/my_arm_descriptionConfig-version.cmake
[0.225s] -- Up-to-date: /home/kevo/ros_ws/src/udemy_project/install/my_arm_description/share/my_arm_description/package.xml
[0.226s] Invoked command in '/home/kevo/ros_ws/src/udemy_project/build/my_arm_description' returned '0': CMAKE_PREFIX_PATH=${CMAKE_PREFIX_PATH}:/opt/ros/humble /usr/bin/cmake --install /home/kevo/ros_ws/src/udemy_project/build/my_arm_description
