[0.053s] Invoking command in '/home/kevo/ros_ws/src/udemy_project/build/my_arm_description': CMAKE_PREFIX_PATH=/opt/ros/humble /usr/bin/cmake /home/kevo/ros_ws/src/udemy_project/src/my_arm_description -DCMAKE_INSTALL_PREFIX=/home/kevo/ros_ws/src/udemy_project/install/my_arm_description
[0.352s] -- The C compiler identification is GNU 11.4.0
[0.988s] -- The CXX compiler identification is GNU 11.4.0
[1.415s] -- Detecting C compiler ABI info
[1.567s] -- Detecting C compiler ABI info - done
[1.574s] -- Check for working C compiler: /usr/bin/cc - skipped
[1.586s] -- Detecting C compile features
[1.588s] -- Detecting C compile features - done
[1.595s] -- Detecting CXX compiler ABI info
[1.738s] -- Detecting CXX compiler ABI info - done
[1.744s] -- Check for working CXX compiler: /usr/bin/c++ - skipped
[1.745s] -- Detecting CXX compile features
[1.745s] -- Detecting CXX compile features - done
[1.769s] -- Found ament_cmake: 1.3.5 (/opt/ros/humble/share/ament_cmake/cmake)
[1.940s] -- Found Python3: /usr/bin/python3.10 (found version "3.10.12") found components: Interpreter 
[2.163s] -- Configuring done
[2.166s] -- Generating done
[2.167s] -- Build files have been written to: /home/kevo/ros_ws/src/udemy_project/build/my_arm_description
[2.170s] Invoked command in '/home/kevo/ros_ws/src/udemy_project/build/my_arm_description' returned '0': CMAKE_PREFIX_PATH=/opt/ros/humble /usr/bin/cmake /home/kevo/ros_ws/src/udemy_project/src/my_arm_description -DCMAKE_INSTALL_PREFIX=/home/kevo/ros_ws/src/udemy_project/install/my_arm_description
[2.173s] Invoking command in '/home/kevo/ros_ws/src/udemy_project/build/my_arm_description': CMAKE_PREFIX_PATH=/opt/ros/humble /usr/bin/cmake --build /home/kevo/ros_ws/src/udemy_project/build/my_arm_description -- -j8 -l8
[2.198s] Invoked command in '/home/kevo/ros_ws/src/udemy_project/build/my_arm_description' returned '0': CMAKE_PREFIX_PATH=/opt/ros/humble /usr/bin/cmake --build /home/kevo/ros_ws/src/udemy_project/build/my_arm_description -- -j8 -l8
[2.221s] Invoking command in '/home/kevo/ros_ws/src/udemy_project/build/my_arm_description': CMAKE_PREFIX_PATH=/opt/ros/humble /usr/bin/cmake --install /home/kevo/ros_ws/src/udemy_project/build/my_arm_description
[2.226s] -- Install configuration: ""
[2.226s] -- Installing: /home/kevo/ros_ws/src/udemy_project/install/my_arm_description/share/my_arm_description//urdf
[2.226s] -- Installing: /home/kevo/ros_ws/src/udemy_project/install/my_arm_description/share/my_arm_description//urdf/my_robot.urdf.xacro
[2.226s] -- Installing: /home/kevo/ros_ws/src/udemy_project/install/my_arm_description/share/ament_index/resource_index/package_run_dependencies/my_arm_description
[2.227s] -- Installing: /home/kevo/ros_ws/src/udemy_project/install/my_arm_description/share/ament_index/resource_index/parent_prefix_path/my_arm_description
[2.227s] -- Installing: /home/kevo/ros_ws/src/udemy_project/install/my_arm_description/share/my_arm_description/environment/ament_prefix_path.sh
[2.227s] -- Installing: /home/kevo/ros_ws/src/udemy_project/install/my_arm_description/share/my_arm_description/environment/ament_prefix_path.dsv
[2.227s] -- Installing: /home/kevo/ros_ws/src/udemy_project/install/my_arm_description/share/my_arm_description/environment/path.sh
[2.228s] -- Installing: /home/kevo/ros_ws/src/udemy_project/install/my_arm_description/share/my_arm_description/environment/path.dsv
[2.228s] -- Installing: /home/kevo/ros_ws/src/udemy_project/install/my_arm_description/share/my_arm_description/local_setup.bash
[2.228s] -- Installing: /home/kevo/ros_ws/src/udemy_project/install/my_arm_description/share/my_arm_description/local_setup.sh
[2.228s] -- Installing: /home/kevo/ros_ws/src/udemy_project/install/my_arm_description/share/my_arm_description/local_setup.zsh
[2.228s] -- Installing: /home/kevo/ros_ws/src/udemy_project/install/my_arm_description/share/my_arm_description/local_setup.dsv
[2.228s] -- Installing: /home/kevo/ros_ws/src/udemy_project/install/my_arm_description/share/my_arm_description/package.dsv
[2.228s] -- Installing: /home/kevo/ros_ws/src/udemy_project/install/my_arm_description/share/ament_index/resource_index/packages/my_arm_description
[2.228s] -- Installing: /home/kevo/ros_ws/src/udemy_project/install/my_arm_description/share/my_arm_description/cmake/my_arm_descriptionConfig.cmake
[2.228s] -- Installing: /home/kevo/ros_ws/src/udemy_project/install/my_arm_description/share/my_arm_description/cmake/my_arm_descriptionConfig-version.cmake
[2.228s] -- Installing: /home/kevo/ros_ws/src/udemy_project/install/my_arm_description/share/my_arm_description/package.xml
[2.231s] Invoked command in '/home/kevo/ros_ws/src/udemy_project/build/my_arm_description' returned '0': CMAKE_PREFIX_PATH=/opt/ros/humble /usr/bin/cmake --install /home/kevo/ros_ws/src/udemy_project/build/my_arm_description
