[0.810s] DEBUG:colcon:Command line arguments: ['/usr/bin/colcon', 'build']
[0.810s] DEBUG:colcon:Parsed command line arguments: Namespace(log_base=None, log_level=None, verb_name='build', build_base='build', install_base='install', merge_install=False, symlink_install=False, test_result_base=None, continue_on_error=False, executor='parallel', parallel_workers=8, event_handlers=None, ignore_user_meta=False, metas=['./colcon.meta'], base_paths=['.'], packages_ignore=None, packages_ignore_regex=None, paths=None, packages_up_to=None, packages_up_to_regex=None, packages_above=None, packages_above_and_dependencies=None, packages_above_depth=None, packages_select_by_dep=None, packages_skip_by_dep=None, packages_skip_up_to=None, packages_select_build_failed=False, packages_skip_build_finished=False, packages_select_test_failures=False, packages_skip_test_passed=False, packages_select=None, packages_skip=None, packages_select_regex=None, packages_skip_regex=None, packages_start=None, packages_end=None, allow_overriding=[], cmake_args=None, cmake_target=None, cmake_target_skip_unavailable=False, cmake_clean_cache=False, cmake_clean_first=False, cmake_force_configure=False, ament_cmake_args=None, catkin_cmake_args=None, catkin_skip_building_tests=False, verb_parser=<colcon_defaults.argument_parser.defaults.DefaultArgumentsDecorator object at 0x7f5620b77490>, verb_extension=<colcon_core.verb.build.BuildVerb object at 0x7f5620e1ba90>, main=<bound method BuildVerb.main of <colcon_core.verb.build.BuildVerb object at 0x7f5620e1ba90>>)
[0.845s] Level 1:colcon.colcon_core.package_discovery:discover_packages(colcon_meta) check parameters
[0.845s] Level 1:colcon.colcon_core.package_discovery:discover_packages(recursive) check parameters
[0.845s] Level 1:colcon.colcon_core.package_discovery:discover_packages(ignore) check parameters
[0.845s] Level 1:colcon.colcon_core.package_discovery:discover_packages(path) check parameters
[0.845s] Level 1:colcon.colcon_core.package_discovery:discover_packages(colcon_meta) discover
[0.845s] Level 1:colcon.colcon_core.package_discovery:discover_packages(recursive) discover
[0.845s] INFO:colcon.colcon_core.package_discovery:Crawling recursively for packages in '/home/kevo/ros_ws/src/udemy_project'
[0.845s] Level 1:colcon.colcon_core.package_identification:_identify(.) by extensions ['ignore', 'ignore_ament_install']
[0.845s] Level 1:colcon.colcon_core.package_identification:_identify(.) by extension 'ignore'
[0.845s] Level 1:colcon.colcon_core.package_identification:_identify(.) by extension 'ignore_ament_install'
[0.845s] Level 1:colcon.colcon_core.package_identification:_identify(.) by extensions ['colcon_pkg']
[0.845s] Level 1:colcon.colcon_core.package_identification:_identify(.) by extension 'colcon_pkg'
[0.845s] Level 1:colcon.colcon_core.package_identification:_identify(.) by extensions ['colcon_meta']
[0.845s] Level 1:colcon.colcon_core.package_identification:_identify(.) by extension 'colcon_meta'
[0.846s] Level 1:colcon.colcon_core.package_identification:_identify(.) by extensions ['ros']
[0.846s] Level 1:colcon.colcon_core.package_identification:_identify(.) by extension 'ros'
[0.854s] Level 1:colcon.colcon_core.package_identification:_identify(.) by extensions ['cmake', 'python']
[0.854s] Level 1:colcon.colcon_core.package_identification:_identify(.) by extension 'cmake'
[0.854s] Level 1:colcon.colcon_core.package_identification:_identify(.) by extension 'python'
[0.854s] Level 1:colcon.colcon_core.package_identification:_identify(.) by extensions ['python_setup_py']
[0.854s] Level 1:colcon.colcon_core.package_identification:_identify(.) by extension 'python_setup_py'
[0.854s] Level 1:colcon.colcon_core.package_identification:_identify(build) by extensions ['ignore', 'ignore_ament_install']
[0.854s] Level 1:colcon.colcon_core.package_identification:_identify(build) by extension 'ignore'
[0.854s] Level 1:colcon.colcon_core.package_identification:_identify(build) ignored
[0.854s] Level 1:colcon.colcon_core.package_identification:_identify(install) by extensions ['ignore', 'ignore_ament_install']
[0.854s] Level 1:colcon.colcon_core.package_identification:_identify(install) by extension 'ignore'
[0.854s] Level 1:colcon.colcon_core.package_identification:_identify(install) ignored
[0.854s] Level 1:colcon.colcon_core.package_identification:_identify(log) by extensions ['ignore', 'ignore_ament_install']
[0.854s] Level 1:colcon.colcon_core.package_identification:_identify(log) by extension 'ignore'
[0.854s] Level 1:colcon.colcon_core.package_identification:_identify(log) ignored
[0.854s] Level 1:colcon.colcon_core.package_identification:_identify(src) by extensions ['ignore', 'ignore_ament_install']
[0.855s] Level 1:colcon.colcon_core.package_identification:_identify(src) by extension 'ignore'
[0.855s] Level 1:colcon.colcon_core.package_identification:_identify(src) by extension 'ignore_ament_install'
[0.855s] Level 1:colcon.colcon_core.package_identification:_identify(src) by extensions ['colcon_pkg']
[0.855s] Level 1:colcon.colcon_core.package_identification:_identify(src) by extension 'colcon_pkg'
[0.855s] Level 1:colcon.colcon_core.package_identification:_identify(src) by extensions ['colcon_meta']
[0.855s] Level 1:colcon.colcon_core.package_identification:_identify(src) by extension 'colcon_meta'
[0.855s] Level 1:colcon.colcon_core.package_identification:_identify(src) by extensions ['ros']
[0.855s] Level 1:colcon.colcon_core.package_identification:_identify(src) by extension 'ros'
[0.855s] Level 1:colcon.colcon_core.package_identification:_identify(src) by extensions ['cmake', 'python']
[0.855s] Level 1:colcon.colcon_core.package_identification:_identify(src) by extension 'cmake'
[0.855s] Level 1:colcon.colcon_core.package_identification:_identify(src) by extension 'python'
[0.855s] Level 1:colcon.colcon_core.package_identification:_identify(src) by extensions ['python_setup_py']
[0.855s] Level 1:colcon.colcon_core.package_identification:_identify(src) by extension 'python_setup_py'
[0.855s] Level 1:colcon.colcon_core.package_identification:_identify(src/my_arm_bringup) by extensions ['ignore', 'ignore_ament_install']
[0.855s] Level 1:colcon.colcon_core.package_identification:_identify(src/my_arm_bringup) by extension 'ignore'
[0.855s] Level 1:colcon.colcon_core.package_identification:_identify(src/my_arm_bringup) by extension 'ignore_ament_install'
[0.855s] Level 1:colcon.colcon_core.package_identification:_identify(src/my_arm_bringup) by extensions ['colcon_pkg']
[0.855s] Level 1:colcon.colcon_core.package_identification:_identify(src/my_arm_bringup) by extension 'colcon_pkg'
[0.855s] Level 1:colcon.colcon_core.package_identification:_identify(src/my_arm_bringup) by extensions ['colcon_meta']
[0.855s] Level 1:colcon.colcon_core.package_identification:_identify(src/my_arm_bringup) by extension 'colcon_meta'
[0.855s] Level 1:colcon.colcon_core.package_identification:_identify(src/my_arm_bringup) by extensions ['ros']
[0.855s] Level 1:colcon.colcon_core.package_identification:_identify(src/my_arm_bringup) by extension 'ros'
[0.858s] DEBUG:colcon.colcon_core.package_identification:Package 'src/my_arm_bringup' with type 'ros.ament_cmake' and name 'my_arm_bringup'
[0.858s] Level 1:colcon.colcon_core.package_identification:_identify(src/my_arm_description) by extensions ['ignore', 'ignore_ament_install']
[0.858s] Level 1:colcon.colcon_core.package_identification:_identify(src/my_arm_description) by extension 'ignore'
[0.858s] Level 1:colcon.colcon_core.package_identification:_identify(src/my_arm_description) by extension 'ignore_ament_install'
[0.858s] Level 1:colcon.colcon_core.package_identification:_identify(src/my_arm_description) by extensions ['colcon_pkg']
[0.858s] Level 1:colcon.colcon_core.package_identification:_identify(src/my_arm_description) by extension 'colcon_pkg'
[0.858s] Level 1:colcon.colcon_core.package_identification:_identify(src/my_arm_description) by extensions ['colcon_meta']
[0.858s] Level 1:colcon.colcon_core.package_identification:_identify(src/my_arm_description) by extension 'colcon_meta'
[0.858s] Level 1:colcon.colcon_core.package_identification:_identify(src/my_arm_description) by extensions ['ros']
[0.858s] Level 1:colcon.colcon_core.package_identification:_identify(src/my_arm_description) by extension 'ros'
[0.858s] DEBUG:colcon.colcon_core.package_identification:Package 'src/my_arm_description' with type 'ros.ament_cmake' and name 'my_arm_description'
[0.858s] Level 1:colcon.colcon_core.package_discovery:discover_packages(recursive) using defaults
[0.858s] Level 1:colcon.colcon_core.package_discovery:discover_packages(ignore) discover
[0.858s] Level 1:colcon.colcon_core.package_discovery:discover_packages(ignore) using defaults
[0.858s] Level 1:colcon.colcon_core.package_discovery:discover_packages(path) discover
[0.858s] Level 1:colcon.colcon_core.package_discovery:discover_packages(path) using defaults
[0.924s] Level 1:colcon.colcon_core.package_discovery:discover_packages(prefix_path) check parameters
[0.924s] Level 1:colcon.colcon_core.package_discovery:discover_packages(prefix_path) discover
[0.944s] DEBUG:colcon.colcon_installed_package_information.package_discovery:Found 2 installed packages in /home/kevo/ros_ws/src/udemy_project/install
[0.955s] DEBUG:colcon.colcon_installed_package_information.package_discovery:Found 280 installed packages in /opt/ros/humble
[0.955s] Level 1:colcon.colcon_core.package_discovery:discover_packages(prefix_path) using defaults
[1.024s] Level 5:colcon.colcon_core.verb:set package 'my_arm_bringup' build argument 'cmake_args' from command line to 'None'
[1.024s] Level 5:colcon.colcon_core.verb:set package 'my_arm_bringup' build argument 'cmake_target' from command line to 'None'
[1.024s] Level 5:colcon.colcon_core.verb:set package 'my_arm_bringup' build argument 'cmake_target_skip_unavailable' from command line to 'False'
[1.024s] Level 5:colcon.colcon_core.verb:set package 'my_arm_bringup' build argument 'cmake_clean_cache' from command line to 'False'
[1.024s] Level 5:colcon.colcon_core.verb:set package 'my_arm_bringup' build argument 'cmake_clean_first' from command line to 'False'
[1.024s] Level 5:colcon.colcon_core.verb:set package 'my_arm_bringup' build argument 'cmake_force_configure' from command line to 'False'
[1.024s] Level 5:colcon.colcon_core.verb:set package 'my_arm_bringup' build argument 'ament_cmake_args' from command line to 'None'
[1.024s] Level 5:colcon.colcon_core.verb:set package 'my_arm_bringup' build argument 'catkin_cmake_args' from command line to 'None'
[1.024s] Level 5:colcon.colcon_core.verb:set package 'my_arm_bringup' build argument 'catkin_skip_building_tests' from command line to 'False'
[1.024s] DEBUG:colcon.colcon_core.verb:Building package 'my_arm_bringup' with the following arguments: {'ament_cmake_args': None, 'build_base': '/home/kevo/ros_ws/src/udemy_project/build/my_arm_bringup', 'catkin_cmake_args': None, 'catkin_skip_building_tests': False, 'cmake_args': None, 'cmake_clean_cache': False, 'cmake_clean_first': False, 'cmake_force_configure': False, 'cmake_target': None, 'cmake_target_skip_unavailable': False, 'install_base': '/home/kevo/ros_ws/src/udemy_project/install/my_arm_bringup', 'merge_install': False, 'path': '/home/kevo/ros_ws/src/udemy_project/src/my_arm_bringup', 'symlink_install': False, 'test_result_base': None}
[1.034s] Level 5:colcon.colcon_core.verb:set package 'my_arm_description' build argument 'cmake_args' from command line to 'None'
[1.034s] Level 5:colcon.colcon_core.verb:set package 'my_arm_description' build argument 'cmake_target' from command line to 'None'
[1.034s] Level 5:colcon.colcon_core.verb:set package 'my_arm_description' build argument 'cmake_target_skip_unavailable' from command line to 'False'
[1.034s] Level 5:colcon.colcon_core.verb:set package 'my_arm_description' build argument 'cmake_clean_cache' from command line to 'False'
[1.034s] Level 5:colcon.colcon_core.verb:set package 'my_arm_description' build argument 'cmake_clean_first' from command line to 'False'
[1.034s] Level 5:colcon.colcon_core.verb:set package 'my_arm_description' build argument 'cmake_force_configure' from command line to 'False'
[1.034s] Level 5:colcon.colcon_core.verb:set package 'my_arm_description' build argument 'ament_cmake_args' from command line to 'None'
[1.034s] Level 5:colcon.colcon_core.verb:set package 'my_arm_description' build argument 'catkin_cmake_args' from command line to 'None'
[1.034s] Level 5:colcon.colcon_core.verb:set package 'my_arm_description' build argument 'catkin_skip_building_tests' from command line to 'False'
[1.034s] DEBUG:colcon.colcon_core.verb:Building package 'my_arm_description' with the following arguments: {'ament_cmake_args': None, 'build_base': '/home/kevo/ros_ws/src/udemy_project/build/my_arm_description', 'catkin_cmake_args': None, 'catkin_skip_building_tests': False, 'cmake_args': None, 'cmake_clean_cache': False, 'cmake_clean_first': False, 'cmake_force_configure': False, 'cmake_target': None, 'cmake_target_skip_unavailable': False, 'install_base': '/home/kevo/ros_ws/src/udemy_project/install/my_arm_description', 'merge_install': False, 'path': '/home/kevo/ros_ws/src/udemy_project/src/my_arm_description', 'symlink_install': False, 'test_result_base': None}
[1.043s] INFO:colcon.colcon_core.executor:Executing jobs using 'parallel' executor
[1.054s] DEBUG:colcon.colcon_parallel_executor.executor.parallel:run_until_complete
[1.054s] INFO:colcon.colcon_ros.task.ament_cmake.build:Building ROS package in '/home/kevo/ros_ws/src/udemy_project/src/my_arm_bringup' with build type 'ament_cmake'
[1.055s] INFO:colcon.colcon_cmake.task.cmake.build:Building CMake package in '/home/kevo/ros_ws/src/udemy_project/src/my_arm_bringup'
[1.066s] INFO:colcon.colcon_core.plugin_system:Skipping extension 'colcon_core.shell.bat': Not used on non-Windows systems
[1.067s] INFO:colcon.colcon_core.shell:Skip shell extension 'powershell' for command environment: Not usable outside of PowerShell
[1.067s] DEBUG:colcon.colcon_core.shell:Skip shell extension 'dsv' for command environment
[1.102s] INFO:colcon.colcon_ros.task.ament_cmake.build:Building ROS package in '/home/kevo/ros_ws/src/udemy_project/src/my_arm_description' with build type 'ament_cmake'
[1.102s] INFO:colcon.colcon_cmake.task.cmake.build:Building CMake package in '/home/kevo/ros_ws/src/udemy_project/src/my_arm_description'
[1.114s] INFO:colcon.colcon_core.shell:Skip shell extension 'powershell' for command environment: Not usable outside of PowerShell
[1.114s] DEBUG:colcon.colcon_core.shell:Skip shell extension 'dsv' for command environment
[1.154s] DEBUG:colcon.colcon_core.event_handler.log_command:Invoking command in '/home/kevo/ros_ws/src/udemy_project/build/my_arm_bringup': CMAKE_PREFIX_PATH=${CMAKE_PREFIX_PATH}:/opt/ros/humble /usr/bin/cmake --build /home/kevo/ros_ws/src/udemy_project/build/my_arm_bringup -- -j8 -l8
[1.160s] DEBUG:colcon.colcon_core.event_handler.log_command:Invoking command in '/home/kevo/ros_ws/src/udemy_project/build/my_arm_description': CMAKE_PREFIX_PATH=${CMAKE_PREFIX_PATH}:/opt/ros/humble /usr/bin/cmake --build /home/kevo/ros_ws/src/udemy_project/build/my_arm_description -- -j8 -l8
[1.184s] DEBUG:colcon.colcon_core.event_handler.log_command:Invoked command in '/home/kevo/ros_ws/src/udemy_project/build/my_arm_description' returned '0': CMAKE_PREFIX_PATH=${CMAKE_PREFIX_PATH}:/opt/ros/humble /usr/bin/cmake --build /home/kevo/ros_ws/src/udemy_project/build/my_arm_description -- -j8 -l8
[1.208s] DEBUG:colcon.colcon_core.event_handler.log_command:Invoking command in '/home/kevo/ros_ws/src/udemy_project/build/my_arm_description': CMAKE_PREFIX_PATH=${CMAKE_PREFIX_PATH}:/opt/ros/humble /usr/bin/cmake --install /home/kevo/ros_ws/src/udemy_project/build/my_arm_description
[1.216s] Level 1:colcon.colcon_core.environment:create_environment_scripts_only(my_arm_description)
[1.219s] DEBUG:colcon.colcon_core.event_handler.log_command:Invoked command in '/home/kevo/ros_ws/src/udemy_project/build/my_arm_description' returned '0': CMAKE_PREFIX_PATH=${CMAKE_PREFIX_PATH}:/opt/ros/humble /usr/bin/cmake --install /home/kevo/ros_ws/src/udemy_project/build/my_arm_description
[1.231s] Level 1:colcon.colcon_core.environment:checking '/home/kevo/ros_ws/src/udemy_project/install/my_arm_description' for CMake module files
[1.232s] Level 1:colcon.colcon_core.environment:checking '/home/kevo/ros_ws/src/udemy_project/install/my_arm_description' for CMake config files
[1.232s] Level 1:colcon.colcon_core.shell:create_environment_hook('my_arm_description', 'cmake_prefix_path')
[1.243s] INFO:colcon.colcon_core.shell:Creating environment hook '/home/kevo/ros_ws/src/udemy_project/install/my_arm_description/share/my_arm_description/hook/cmake_prefix_path.ps1'
[1.243s] INFO:colcon.colcon_core.shell:Creating environment descriptor '/home/kevo/ros_ws/src/udemy_project/install/my_arm_description/share/my_arm_description/hook/cmake_prefix_path.dsv'
[1.243s] INFO:colcon.colcon_core.shell:Creating environment hook '/home/kevo/ros_ws/src/udemy_project/install/my_arm_description/share/my_arm_description/hook/cmake_prefix_path.sh'
[1.244s] Level 1:colcon.colcon_core.environment:checking '/home/kevo/ros_ws/src/udemy_project/install/my_arm_description/bin'
[1.244s] Level 1:colcon.colcon_core.environment:checking '/home/kevo/ros_ws/src/udemy_project/install/my_arm_description/lib/pkgconfig/my_arm_description.pc'
[1.244s] Level 1:colcon.colcon_core.environment:checking '/home/kevo/ros_ws/src/udemy_project/install/my_arm_description/lib/python3.10/site-packages'
[1.245s] Level 1:colcon.colcon_core.environment:checking '/home/kevo/ros_ws/src/udemy_project/install/my_arm_description/bin'
[1.256s] INFO:colcon.colcon_core.shell:Creating package script '/home/kevo/ros_ws/src/udemy_project/install/my_arm_description/share/my_arm_description/package.ps1'
[1.257s] INFO:colcon.colcon_core.shell:Creating package descriptor '/home/kevo/ros_ws/src/udemy_project/install/my_arm_description/share/my_arm_description/package.dsv'
[1.257s] INFO:colcon.colcon_core.shell:Creating package script '/home/kevo/ros_ws/src/udemy_project/install/my_arm_description/share/my_arm_description/package.sh'
[1.258s] INFO:colcon.colcon_core.shell:Creating package script '/home/kevo/ros_ws/src/udemy_project/install/my_arm_description/share/my_arm_description/package.bash'
[1.258s] INFO:colcon.colcon_core.shell:Creating package script '/home/kevo/ros_ws/src/udemy_project/install/my_arm_description/share/my_arm_description/package.zsh'
[1.259s] Level 1:colcon.colcon_core.environment:create_file_with_runtime_dependencies(/home/kevo/ros_ws/src/udemy_project/install/my_arm_description/share/colcon-core/packages/my_arm_description)
[1.285s] Level 1:colcon.colcon_core.environment:create_environment_scripts_only(my_arm_description)
[1.296s] Level 1:colcon.colcon_core.environment:checking '/home/kevo/ros_ws/src/udemy_project/install/my_arm_description' for CMake module files
[1.297s] Level 1:colcon.colcon_core.environment:checking '/home/kevo/ros_ws/src/udemy_project/install/my_arm_description' for CMake config files
[1.297s] Level 1:colcon.colcon_core.shell:create_environment_hook('my_arm_description', 'cmake_prefix_path')
[1.309s] INFO:colcon.colcon_core.shell:Creating environment hook '/home/kevo/ros_ws/src/udemy_project/install/my_arm_description/share/my_arm_description/hook/cmake_prefix_path.ps1'
[1.309s] INFO:colcon.colcon_core.shell:Creating environment descriptor '/home/kevo/ros_ws/src/udemy_project/install/my_arm_description/share/my_arm_description/hook/cmake_prefix_path.dsv'
[1.309s] INFO:colcon.colcon_core.shell:Creating environment hook '/home/kevo/ros_ws/src/udemy_project/install/my_arm_description/share/my_arm_description/hook/cmake_prefix_path.sh'
[1.310s] Level 1:colcon.colcon_core.environment:checking '/home/kevo/ros_ws/src/udemy_project/install/my_arm_description/bin'
[1.310s] Level 1:colcon.colcon_core.environment:checking '/home/kevo/ros_ws/src/udemy_project/install/my_arm_description/lib/pkgconfig/my_arm_description.pc'
[1.310s] Level 1:colcon.colcon_core.environment:checking '/home/kevo/ros_ws/src/udemy_project/install/my_arm_description/lib/python3.10/site-packages'
[1.310s] Level 1:colcon.colcon_core.environment:checking '/home/kevo/ros_ws/src/udemy_project/install/my_arm_description/bin'
[1.321s] INFO:colcon.colcon_core.shell:Creating package script '/home/kevo/ros_ws/src/udemy_project/install/my_arm_description/share/my_arm_description/package.ps1'
[1.322s] INFO:colcon.colcon_core.shell:Creating package descriptor '/home/kevo/ros_ws/src/udemy_project/install/my_arm_description/share/my_arm_description/package.dsv'
[1.322s] INFO:colcon.colcon_core.shell:Creating package script '/home/kevo/ros_ws/src/udemy_project/install/my_arm_description/share/my_arm_description/package.sh'
[1.322s] INFO:colcon.colcon_core.shell:Creating package script '/home/kevo/ros_ws/src/udemy_project/install/my_arm_description/share/my_arm_description/package.bash'
[1.322s] INFO:colcon.colcon_core.shell:Creating package script '/home/kevo/ros_ws/src/udemy_project/install/my_arm_description/share/my_arm_description/package.zsh'
[1.323s] Level 1:colcon.colcon_core.environment:create_file_with_runtime_dependencies(/home/kevo/ros_ws/src/udemy_project/install/my_arm_description/share/colcon-core/packages/my_arm_description)
[1.363s] DEBUG:colcon.colcon_core.event_handler.log_command:Invoked command in '/home/kevo/ros_ws/src/udemy_project/build/my_arm_bringup' returned '0': CMAKE_PREFIX_PATH=${CMAKE_PREFIX_PATH}:/opt/ros/humble /usr/bin/cmake --build /home/kevo/ros_ws/src/udemy_project/build/my_arm_bringup -- -j8 -l8
[1.381s] DEBUG:colcon.colcon_core.event_handler.log_command:Invoking command in '/home/kevo/ros_ws/src/udemy_project/build/my_arm_bringup': CMAKE_PREFIX_PATH=${CMAKE_PREFIX_PATH}:/opt/ros/humble /usr/bin/cmake --install /home/kevo/ros_ws/src/udemy_project/build/my_arm_bringup
[1.391s] Level 1:colcon.colcon_core.environment:create_environment_scripts_only(my_arm_bringup)
[1.392s] DEBUG:colcon.colcon_core.event_handler.log_command:Invoked command in '/home/kevo/ros_ws/src/udemy_project/build/my_arm_bringup' returned '0': CMAKE_PREFIX_PATH=${CMAKE_PREFIX_PATH}:/opt/ros/humble /usr/bin/cmake --install /home/kevo/ros_ws/src/udemy_project/build/my_arm_bringup
[1.406s] Level 1:colcon.colcon_core.environment:checking '/home/kevo/ros_ws/src/udemy_project/install/my_arm_bringup' for CMake module files
[1.407s] Level 1:colcon.colcon_core.environment:checking '/home/kevo/ros_ws/src/udemy_project/install/my_arm_bringup' for CMake config files
[1.407s] Level 1:colcon.colcon_core.shell:create_environment_hook('my_arm_bringup', 'cmake_prefix_path')
[1.430s] INFO:colcon.colcon_core.shell:Creating environment hook '/home/kevo/ros_ws/src/udemy_project/install/my_arm_bringup/share/my_arm_bringup/hook/cmake_prefix_path.ps1'
[1.431s] INFO:colcon.colcon_core.shell:Creating environment descriptor '/home/kevo/ros_ws/src/udemy_project/install/my_arm_bringup/share/my_arm_bringup/hook/cmake_prefix_path.dsv'
[1.431s] INFO:colcon.colcon_core.shell:Creating environment hook '/home/kevo/ros_ws/src/udemy_project/install/my_arm_bringup/share/my_arm_bringup/hook/cmake_prefix_path.sh'
[1.431s] Level 1:colcon.colcon_core.environment:checking '/home/kevo/ros_ws/src/udemy_project/install/my_arm_bringup/bin'
[1.431s] Level 1:colcon.colcon_core.environment:checking '/home/kevo/ros_ws/src/udemy_project/install/my_arm_bringup/lib/pkgconfig/my_arm_bringup.pc'
[1.432s] Level 1:colcon.colcon_core.environment:checking '/home/kevo/ros_ws/src/udemy_project/install/my_arm_bringup/lib/python3.10/site-packages'
[1.432s] Level 1:colcon.colcon_core.environment:checking '/home/kevo/ros_ws/src/udemy_project/install/my_arm_bringup/bin'
[1.445s] INFO:colcon.colcon_core.shell:Creating package script '/home/kevo/ros_ws/src/udemy_project/install/my_arm_bringup/share/my_arm_bringup/package.ps1'
[1.446s] INFO:colcon.colcon_core.shell:Creating package descriptor '/home/kevo/ros_ws/src/udemy_project/install/my_arm_bringup/share/my_arm_bringup/package.dsv'
[1.446s] INFO:colcon.colcon_core.shell:Creating package script '/home/kevo/ros_ws/src/udemy_project/install/my_arm_bringup/share/my_arm_bringup/package.sh'
[1.446s] INFO:colcon.colcon_core.shell:Creating package script '/home/kevo/ros_ws/src/udemy_project/install/my_arm_bringup/share/my_arm_bringup/package.bash'
[1.447s] INFO:colcon.colcon_core.shell:Creating package script '/home/kevo/ros_ws/src/udemy_project/install/my_arm_bringup/share/my_arm_bringup/package.zsh'
[1.447s] Level 1:colcon.colcon_core.environment:create_file_with_runtime_dependencies(/home/kevo/ros_ws/src/udemy_project/install/my_arm_bringup/share/colcon-core/packages/my_arm_bringup)
[1.474s] Level 1:colcon.colcon_core.environment:create_environment_scripts_only(my_arm_bringup)
[1.489s] Level 1:colcon.colcon_core.environment:checking '/home/kevo/ros_ws/src/udemy_project/install/my_arm_bringup' for CMake module files
[1.489s] Level 1:colcon.colcon_core.environment:checking '/home/kevo/ros_ws/src/udemy_project/install/my_arm_bringup' for CMake config files
[1.489s] Level 1:colcon.colcon_core.shell:create_environment_hook('my_arm_bringup', 'cmake_prefix_path')
[1.501s] INFO:colcon.colcon_core.shell:Creating environment hook '/home/kevo/ros_ws/src/udemy_project/install/my_arm_bringup/share/my_arm_bringup/hook/cmake_prefix_path.ps1'
[1.501s] INFO:colcon.colcon_core.shell:Creating environment descriptor '/home/kevo/ros_ws/src/udemy_project/install/my_arm_bringup/share/my_arm_bringup/hook/cmake_prefix_path.dsv'
[1.502s] INFO:colcon.colcon_core.shell:Creating environment hook '/home/kevo/ros_ws/src/udemy_project/install/my_arm_bringup/share/my_arm_bringup/hook/cmake_prefix_path.sh'
[1.502s] Level 1:colcon.colcon_core.environment:checking '/home/kevo/ros_ws/src/udemy_project/install/my_arm_bringup/bin'
[1.502s] Level 1:colcon.colcon_core.environment:checking '/home/kevo/ros_ws/src/udemy_project/install/my_arm_bringup/lib/pkgconfig/my_arm_bringup.pc'
[1.502s] Level 1:colcon.colcon_core.environment:checking '/home/kevo/ros_ws/src/udemy_project/install/my_arm_bringup/lib/python3.10/site-packages'
[1.503s] Level 1:colcon.colcon_core.environment:checking '/home/kevo/ros_ws/src/udemy_project/install/my_arm_bringup/bin'
[1.514s] INFO:colcon.colcon_core.shell:Creating package script '/home/kevo/ros_ws/src/udemy_project/install/my_arm_bringup/share/my_arm_bringup/package.ps1'
[1.515s] INFO:colcon.colcon_core.shell:Creating package descriptor '/home/kevo/ros_ws/src/udemy_project/install/my_arm_bringup/share/my_arm_bringup/package.dsv'
[1.515s] INFO:colcon.colcon_core.shell:Creating package script '/home/kevo/ros_ws/src/udemy_project/install/my_arm_bringup/share/my_arm_bringup/package.sh'
[1.516s] INFO:colcon.colcon_core.shell:Creating package script '/home/kevo/ros_ws/src/udemy_project/install/my_arm_bringup/share/my_arm_bringup/package.bash'
[1.516s] INFO:colcon.colcon_core.shell:Creating package script '/home/kevo/ros_ws/src/udemy_project/install/my_arm_bringup/share/my_arm_bringup/package.zsh'
[1.516s] Level 1:colcon.colcon_core.environment:create_file_with_runtime_dependencies(/home/kevo/ros_ws/src/udemy_project/install/my_arm_bringup/share/colcon-core/packages/my_arm_bringup)
[1.516s] DEBUG:colcon.colcon_parallel_executor.executor.parallel:closing loop
[1.517s] DEBUG:colcon.colcon_parallel_executor.executor.parallel:loop closed
[1.517s] DEBUG:colcon.colcon_parallel_executor.executor.parallel:run_until_complete finished with '0'
[1.517s] DEBUG:colcon.colcon_core.event_reactor:joining thread
[1.586s] INFO:colcon.colcon_core.plugin_system:Skipping extension 'colcon_notification.desktop_notification.notify_send': Could not find 'notify-send'
[1.586s] INFO:colcon.colcon_core.plugin_system:Skipping extension 'colcon_notification.desktop_notification.terminal_notifier': Not used on non-Darwin systems
[1.586s] INFO:colcon.colcon_core.plugin_system:Skipping extension 'colcon_notification.desktop_notification.win32': Not used on non-Windows systems
[1.586s] INFO:colcon.colcon_notification.desktop_notification:Sending desktop notification using 'notify2'
[1.586s] DEBUG:colcon.colcon_notification.desktop_notification.notify2:Failed to initialize notify2: org.freedesktop.DBus.Error.FileNotFound: Failed to connect to socket /run/user/1000/bus: No such file or directory
[1.586s] DEBUG:colcon.colcon_core.event_reactor:joined thread
[1.600s] INFO:colcon.colcon_core.shell:Creating prefix script '/home/kevo/ros_ws/src/udemy_project/install/local_setup.ps1'
[1.601s] INFO:colcon.colcon_core.shell:Creating prefix util module '/home/kevo/ros_ws/src/udemy_project/install/_local_setup_util_ps1.py'
[1.602s] INFO:colcon.colcon_core.shell:Creating prefix chain script '/home/kevo/ros_ws/src/udemy_project/install/setup.ps1'
[1.616s] INFO:colcon.colcon_core.shell:Creating prefix script '/home/kevo/ros_ws/src/udemy_project/install/local_setup.sh'
[1.616s] INFO:colcon.colcon_core.shell:Creating prefix util module '/home/kevo/ros_ws/src/udemy_project/install/_local_setup_util_sh.py'
[1.617s] INFO:colcon.colcon_core.shell:Creating prefix chain script '/home/kevo/ros_ws/src/udemy_project/install/setup.sh'
[1.629s] INFO:colcon.colcon_core.shell:Creating prefix script '/home/kevo/ros_ws/src/udemy_project/install/local_setup.bash'
[1.629s] INFO:colcon.colcon_core.shell:Creating prefix chain script '/home/kevo/ros_ws/src/udemy_project/install/setup.bash'
[1.641s] INFO:colcon.colcon_core.shell:Creating prefix script '/home/kevo/ros_ws/src/udemy_project/install/local_setup.zsh'
[1.641s] INFO:colcon.colcon_core.shell:Creating prefix chain script '/home/kevo/ros_ws/src/udemy_project/install/setup.zsh'
