[1.203s] DEBUG:colcon:Command line arguments: ['/usr/bin/colcon', 'build']
[1.203s] DEBUG:colcon:Parsed command line arguments: Namespace(log_base=None, log_level=None, verb_name='build', build_base='build', install_base='install', merge_install=False, symlink_install=False, test_result_base=None, continue_on_error=False, executor='parallel', parallel_workers=8, event_handlers=None, ignore_user_meta=False, metas=['./colcon.meta'], base_paths=['.'], packages_ignore=None, packages_ignore_regex=None, paths=None, packages_up_to=None, packages_up_to_regex=None, packages_above=None, packages_above_and_dependencies=None, packages_above_depth=None, packages_select_by_dep=None, packages_skip_by_dep=None, packages_skip_up_to=None, packages_select_build_failed=False, packages_skip_build_finished=False, packages_select_test_failures=False, packages_skip_test_passed=False, packages_select=None, packages_skip=None, packages_select_regex=None, packages_skip_regex=None, packages_start=None, packages_end=None, allow_overriding=[], cmake_args=None, cmake_target=None, cmake_target_skip_unavailable=False, cmake_clean_cache=False, cmake_clean_first=False, cmake_force_configure=False, ament_cmake_args=None, catkin_cmake_args=None, catkin_skip_building_tests=False, verb_parser=<colcon_defaults.argument_parser.defaults.DefaultArgumentsDecorator object at 0x7f5f74437520>, verb_extension=<colcon_core.verb.build.BuildVerb object at 0x7f5f746cba90>, main=<bound method BuildVerb.main of <colcon_core.verb.build.BuildVerb object at 0x7f5f746cba90>>)
[1.251s] Level 1:colcon.colcon_core.package_discovery:discover_packages(colcon_meta) check parameters
[1.251s] Level 1:colcon.colcon_core.package_discovery:discover_packages(recursive) check parameters
[1.251s] Level 1:colcon.colcon_core.package_discovery:discover_packages(ignore) check parameters
[1.251s] Level 1:colcon.colcon_core.package_discovery:discover_packages(path) check parameters
[1.251s] Level 1:colcon.colcon_core.package_discovery:discover_packages(colcon_meta) discover
[1.251s] Level 1:colcon.colcon_core.package_discovery:discover_packages(recursive) discover
[1.251s] INFO:colcon.colcon_core.package_discovery:Crawling recursively for packages in '/home/kevo/ros_ws/src/udemy_project'
[1.252s] Level 1:colcon.colcon_core.package_identification:_identify(.) by extensions ['ignore', 'ignore_ament_install']
[1.252s] Level 1:colcon.colcon_core.package_identification:_identify(.) by extension 'ignore'
[1.252s] Level 1:colcon.colcon_core.package_identification:_identify(.) by extension 'ignore_ament_install'
[1.252s] Level 1:colcon.colcon_core.package_identification:_identify(.) by extensions ['colcon_pkg']
[1.252s] Level 1:colcon.colcon_core.package_identification:_identify(.) by extension 'colcon_pkg'
[1.252s] Level 1:colcon.colcon_core.package_identification:_identify(.) by extensions ['colcon_meta']
[1.252s] Level 1:colcon.colcon_core.package_identification:_identify(.) by extension 'colcon_meta'
[1.252s] Level 1:colcon.colcon_core.package_identification:_identify(.) by extensions ['ros']
[1.252s] Level 1:colcon.colcon_core.package_identification:_identify(.) by extension 'ros'
[1.263s] Level 1:colcon.colcon_core.package_identification:_identify(.) by extensions ['cmake', 'python']
[1.263s] Level 1:colcon.colcon_core.package_identification:_identify(.) by extension 'cmake'
[1.263s] Level 1:colcon.colcon_core.package_identification:_identify(.) by extension 'python'
[1.263s] Level 1:colcon.colcon_core.package_identification:_identify(.) by extensions ['python_setup_py']
[1.263s] Level 1:colcon.colcon_core.package_identification:_identify(.) by extension 'python_setup_py'
[1.264s] Level 1:colcon.colcon_core.package_identification:_identify(build) by extensions ['ignore', 'ignore_ament_install']
[1.264s] Level 1:colcon.colcon_core.package_identification:_identify(build) by extension 'ignore'
[1.264s] Level 1:colcon.colcon_core.package_identification:_identify(build) ignored
[1.264s] Level 1:colcon.colcon_core.package_identification:_identify(install) by extensions ['ignore', 'ignore_ament_install']
[1.264s] Level 1:colcon.colcon_core.package_identification:_identify(install) by extension 'ignore'
[1.264s] Level 1:colcon.colcon_core.package_identification:_identify(install) ignored
[1.264s] Level 1:colcon.colcon_core.package_identification:_identify(log) by extensions ['ignore', 'ignore_ament_install']
[1.264s] Level 1:colcon.colcon_core.package_identification:_identify(log) by extension 'ignore'
[1.264s] Level 1:colcon.colcon_core.package_identification:_identify(log) ignored
[1.264s] Level 1:colcon.colcon_core.package_identification:_identify(src) by extensions ['ignore', 'ignore_ament_install']
[1.264s] Level 1:colcon.colcon_core.package_identification:_identify(src) by extension 'ignore'
[1.264s] Level 1:colcon.colcon_core.package_identification:_identify(src) by extension 'ignore_ament_install'
[1.264s] Level 1:colcon.colcon_core.package_identification:_identify(src) by extensions ['colcon_pkg']
[1.264s] Level 1:colcon.colcon_core.package_identification:_identify(src) by extension 'colcon_pkg'
[1.264s] Level 1:colcon.colcon_core.package_identification:_identify(src) by extensions ['colcon_meta']
[1.265s] Level 1:colcon.colcon_core.package_identification:_identify(src) by extension 'colcon_meta'
[1.265s] Level 1:colcon.colcon_core.package_identification:_identify(src) by extensions ['ros']
[1.265s] Level 1:colcon.colcon_core.package_identification:_identify(src) by extension 'ros'
[1.265s] Level 1:colcon.colcon_core.package_identification:_identify(src) by extensions ['cmake', 'python']
[1.265s] Level 1:colcon.colcon_core.package_identification:_identify(src) by extension 'cmake'
[1.265s] Level 1:colcon.colcon_core.package_identification:_identify(src) by extension 'python'
[1.265s] Level 1:colcon.colcon_core.package_identification:_identify(src) by extensions ['python_setup_py']
[1.265s] Level 1:colcon.colcon_core.package_identification:_identify(src) by extension 'python_setup_py'
[1.265s] Level 1:colcon.colcon_core.package_identification:_identify(src/my_arm_description) by extensions ['ignore', 'ignore_ament_install']
[1.265s] Level 1:colcon.colcon_core.package_identification:_identify(src/my_arm_description) by extension 'ignore'
[1.265s] Level 1:colcon.colcon_core.package_identification:_identify(src/my_arm_description) by extension 'ignore_ament_install'
[1.265s] Level 1:colcon.colcon_core.package_identification:_identify(src/my_arm_description) by extensions ['colcon_pkg']
[1.265s] Level 1:colcon.colcon_core.package_identification:_identify(src/my_arm_description) by extension 'colcon_pkg'
[1.265s] Level 1:colcon.colcon_core.package_identification:_identify(src/my_arm_description) by extensions ['colcon_meta']
[1.265s] Level 1:colcon.colcon_core.package_identification:_identify(src/my_arm_description) by extension 'colcon_meta'
[1.265s] Level 1:colcon.colcon_core.package_identification:_identify(src/my_arm_description) by extensions ['ros']
[1.265s] Level 1:colcon.colcon_core.package_identification:_identify(src/my_arm_description) by extension 'ros'
[1.268s] DEBUG:colcon.colcon_core.package_identification:Package 'src/my_arm_description' with type 'ros.ament_cmake' and name 'my_arm_description'
[1.268s] Level 1:colcon.colcon_core.package_discovery:discover_packages(recursive) using defaults
[1.268s] Level 1:colcon.colcon_core.package_discovery:discover_packages(ignore) discover
[1.268s] Level 1:colcon.colcon_core.package_discovery:discover_packages(ignore) using defaults
[1.268s] Level 1:colcon.colcon_core.package_discovery:discover_packages(path) discover
[1.268s] Level 1:colcon.colcon_core.package_discovery:discover_packages(path) using defaults
[1.362s] Level 1:colcon.colcon_core.package_discovery:discover_packages(prefix_path) check parameters
[1.362s] Level 1:colcon.colcon_core.package_discovery:discover_packages(prefix_path) discover
[1.390s] DEBUG:colcon.colcon_installed_package_information.package_discovery:Found 1 installed packages in /home/kevo/ros_ws/src/udemy_project/install
[1.406s] DEBUG:colcon.colcon_installed_package_information.package_discovery:Found 280 installed packages in /opt/ros/humble
[1.407s] Level 1:colcon.colcon_core.package_discovery:discover_packages(prefix_path) using defaults
[1.505s] Level 5:colcon.colcon_core.verb:set package 'my_arm_description' build argument 'cmake_args' from command line to 'None'
[1.505s] Level 5:colcon.colcon_core.verb:set package 'my_arm_description' build argument 'cmake_target' from command line to 'None'
[1.505s] Level 5:colcon.colcon_core.verb:set package 'my_arm_description' build argument 'cmake_target_skip_unavailable' from command line to 'False'
[1.505s] Level 5:colcon.colcon_core.verb:set package 'my_arm_description' build argument 'cmake_clean_cache' from command line to 'False'
[1.505s] Level 5:colcon.colcon_core.verb:set package 'my_arm_description' build argument 'cmake_clean_first' from command line to 'False'
[1.505s] Level 5:colcon.colcon_core.verb:set package 'my_arm_description' build argument 'cmake_force_configure' from command line to 'False'
[1.505s] Level 5:colcon.colcon_core.verb:set package 'my_arm_description' build argument 'ament_cmake_args' from command line to 'None'
[1.505s] Level 5:colcon.colcon_core.verb:set package 'my_arm_description' build argument 'catkin_cmake_args' from command line to 'None'
[1.505s] Level 5:colcon.colcon_core.verb:set package 'my_arm_description' build argument 'catkin_skip_building_tests' from command line to 'False'
[1.505s] DEBUG:colcon.colcon_core.verb:Building package 'my_arm_description' with the following arguments: {'ament_cmake_args': None, 'build_base': '/home/kevo/ros_ws/src/udemy_project/build/my_arm_description', 'catkin_cmake_args': None, 'catkin_skip_building_tests': False, 'cmake_args': None, 'cmake_clean_cache': False, 'cmake_clean_first': False, 'cmake_force_configure': False, 'cmake_target': None, 'cmake_target_skip_unavailable': False, 'install_base': '/home/kevo/ros_ws/src/udemy_project/install/my_arm_description', 'merge_install': False, 'path': '/home/kevo/ros_ws/src/udemy_project/src/my_arm_description', 'symlink_install': False, 'test_result_base': None}
[1.519s] INFO:colcon.colcon_core.executor:Executing jobs using 'parallel' executor
[1.535s] DEBUG:colcon.colcon_parallel_executor.executor.parallel:run_until_complete
[1.535s] INFO:colcon.colcon_ros.task.ament_cmake.build:Building ROS package in '/home/kevo/ros_ws/src/udemy_project/src/my_arm_description' with build type 'ament_cmake'
[1.535s] INFO:colcon.colcon_cmake.task.cmake.build:Building CMake package in '/home/kevo/ros_ws/src/udemy_project/src/my_arm_description'
[1.553s] INFO:colcon.colcon_core.plugin_system:Skipping extension 'colcon_core.shell.bat': Not used on non-Windows systems
[1.553s] INFO:colcon.colcon_core.shell:Skip shell extension 'powershell' for command environment: Not usable outside of PowerShell
[1.553s] DEBUG:colcon.colcon_core.shell:Skip shell extension 'dsv' for command environment
[1.613s] DEBUG:colcon.colcon_core.event_handler.log_command:Invoking command in '/home/kevo/ros_ws/src/udemy_project/build/my_arm_description': CMAKE_PREFIX_PATH=${CMAKE_PREFIX_PATH}:/opt/ros/humble /usr/bin/cmake --build /home/kevo/ros_ws/src/udemy_project/build/my_arm_description -- -j8 -l8
[1.653s] DEBUG:colcon.colcon_core.event_handler.log_command:Invoked command in '/home/kevo/ros_ws/src/udemy_project/build/my_arm_description' returned '0': CMAKE_PREFIX_PATH=${CMAKE_PREFIX_PATH}:/opt/ros/humble /usr/bin/cmake --build /home/kevo/ros_ws/src/udemy_project/build/my_arm_description -- -j8 -l8
[1.686s] DEBUG:colcon.colcon_core.event_handler.log_command:Invoking command in '/home/kevo/ros_ws/src/udemy_project/build/my_arm_description': CMAKE_PREFIX_PATH=${CMAKE_PREFIX_PATH}:/opt/ros/humble /usr/bin/cmake --install /home/kevo/ros_ws/src/udemy_project/build/my_arm_description
[1.701s] Level 1:colcon.colcon_core.environment:create_environment_scripts_only(my_arm_description)
[1.703s] DEBUG:colcon.colcon_core.event_handler.log_command:Invoked command in '/home/kevo/ros_ws/src/udemy_project/build/my_arm_description' returned '0': CMAKE_PREFIX_PATH=${CMAKE_PREFIX_PATH}:/opt/ros/humble /usr/bin/cmake --install /home/kevo/ros_ws/src/udemy_project/build/my_arm_description
[1.720s] Level 1:colcon.colcon_core.environment:checking '/home/kevo/ros_ws/src/udemy_project/install/my_arm_description' for CMake module files
[1.721s] Level 1:colcon.colcon_core.environment:checking '/home/kevo/ros_ws/src/udemy_project/install/my_arm_description' for CMake config files
[1.721s] Level 1:colcon.colcon_core.shell:create_environment_hook('my_arm_description', 'cmake_prefix_path')
[1.740s] INFO:colcon.colcon_core.shell:Creating environment hook '/home/kevo/ros_ws/src/udemy_project/install/my_arm_description/share/my_arm_description/hook/cmake_prefix_path.ps1'
[1.740s] INFO:colcon.colcon_core.shell:Creating environment descriptor '/home/kevo/ros_ws/src/udemy_project/install/my_arm_description/share/my_arm_description/hook/cmake_prefix_path.dsv'
[1.741s] INFO:colcon.colcon_core.shell:Creating environment hook '/home/kevo/ros_ws/src/udemy_project/install/my_arm_description/share/my_arm_description/hook/cmake_prefix_path.sh'
[1.742s] Level 1:colcon.colcon_core.environment:checking '/home/kevo/ros_ws/src/udemy_project/install/my_arm_description/bin'
[1.742s] Level 1:colcon.colcon_core.environment:checking '/home/kevo/ros_ws/src/udemy_project/install/my_arm_description/lib/pkgconfig/my_arm_description.pc'
[1.742s] Level 1:colcon.colcon_core.environment:checking '/home/kevo/ros_ws/src/udemy_project/install/my_arm_description/lib/python3.10/site-packages'
[1.742s] Level 1:colcon.colcon_core.environment:checking '/home/kevo/ros_ws/src/udemy_project/install/my_arm_description/bin'
[1.759s] INFO:colcon.colcon_core.shell:Creating package script '/home/kevo/ros_ws/src/udemy_project/install/my_arm_description/share/my_arm_description/package.ps1'
[1.760s] INFO:colcon.colcon_core.shell:Creating package descriptor '/home/kevo/ros_ws/src/udemy_project/install/my_arm_description/share/my_arm_description/package.dsv'
[1.761s] INFO:colcon.colcon_core.shell:Creating package script '/home/kevo/ros_ws/src/udemy_project/install/my_arm_description/share/my_arm_description/package.sh'
[1.762s] INFO:colcon.colcon_core.shell:Creating package script '/home/kevo/ros_ws/src/udemy_project/install/my_arm_description/share/my_arm_description/package.bash'
[1.763s] INFO:colcon.colcon_core.shell:Creating package script '/home/kevo/ros_ws/src/udemy_project/install/my_arm_description/share/my_arm_description/package.zsh'
[1.764s] Level 1:colcon.colcon_core.environment:create_file_with_runtime_dependencies(/home/kevo/ros_ws/src/udemy_project/install/my_arm_description/share/colcon-core/packages/my_arm_description)
[1.804s] Level 1:colcon.colcon_core.environment:create_environment_scripts_only(my_arm_description)
[1.818s] Level 1:colcon.colcon_core.environment:checking '/home/kevo/ros_ws/src/udemy_project/install/my_arm_description' for CMake module files
[1.819s] Level 1:colcon.colcon_core.environment:checking '/home/kevo/ros_ws/src/udemy_project/install/my_arm_description' for CMake config files
[1.819s] Level 1:colcon.colcon_core.shell:create_environment_hook('my_arm_description', 'cmake_prefix_path')
[1.833s] INFO:colcon.colcon_core.shell:Creating environment hook '/home/kevo/ros_ws/src/udemy_project/install/my_arm_description/share/my_arm_description/hook/cmake_prefix_path.ps1'
[1.834s] INFO:colcon.colcon_core.shell:Creating environment descriptor '/home/kevo/ros_ws/src/udemy_project/install/my_arm_description/share/my_arm_description/hook/cmake_prefix_path.dsv'
[1.834s] INFO:colcon.colcon_core.shell:Creating environment hook '/home/kevo/ros_ws/src/udemy_project/install/my_arm_description/share/my_arm_description/hook/cmake_prefix_path.sh'
[1.835s] Level 1:colcon.colcon_core.environment:checking '/home/kevo/ros_ws/src/udemy_project/install/my_arm_description/bin'
[1.835s] Level 1:colcon.colcon_core.environment:checking '/home/kevo/ros_ws/src/udemy_project/install/my_arm_description/lib/pkgconfig/my_arm_description.pc'
[1.835s] Level 1:colcon.colcon_core.environment:checking '/home/kevo/ros_ws/src/udemy_project/install/my_arm_description/lib/python3.10/site-packages'
[1.836s] Level 1:colcon.colcon_core.environment:checking '/home/kevo/ros_ws/src/udemy_project/install/my_arm_description/bin'
[1.856s] INFO:colcon.colcon_core.shell:Creating package script '/home/kevo/ros_ws/src/udemy_project/install/my_arm_description/share/my_arm_description/package.ps1'
[1.857s] INFO:colcon.colcon_core.shell:Creating package descriptor '/home/kevo/ros_ws/src/udemy_project/install/my_arm_description/share/my_arm_description/package.dsv'
[1.857s] INFO:colcon.colcon_core.shell:Creating package script '/home/kevo/ros_ws/src/udemy_project/install/my_arm_description/share/my_arm_description/package.sh'
[1.858s] INFO:colcon.colcon_core.shell:Creating package script '/home/kevo/ros_ws/src/udemy_project/install/my_arm_description/share/my_arm_description/package.bash'
[1.858s] INFO:colcon.colcon_core.shell:Creating package script '/home/kevo/ros_ws/src/udemy_project/install/my_arm_description/share/my_arm_description/package.zsh'
[1.859s] Level 1:colcon.colcon_core.environment:create_file_with_runtime_dependencies(/home/kevo/ros_ws/src/udemy_project/install/my_arm_description/share/colcon-core/packages/my_arm_description)
[1.859s] DEBUG:colcon.colcon_parallel_executor.executor.parallel:closing loop
[1.860s] DEBUG:colcon.colcon_parallel_executor.executor.parallel:loop closed
[1.861s] DEBUG:colcon.colcon_parallel_executor.executor.parallel:run_until_complete finished with '0'
[1.861s] DEBUG:colcon.colcon_core.event_reactor:joining thread
[1.955s] INFO:colcon.colcon_core.plugin_system:Skipping extension 'colcon_notification.desktop_notification.notify_send': Could not find 'notify-send'
[1.955s] INFO:colcon.colcon_core.plugin_system:Skipping extension 'colcon_notification.desktop_notification.terminal_notifier': Not used on non-Darwin systems
[1.955s] INFO:colcon.colcon_core.plugin_system:Skipping extension 'colcon_notification.desktop_notification.win32': Not used on non-Windows systems
[1.956s] INFO:colcon.colcon_notification.desktop_notification:Sending desktop notification using 'notify2'
[1.956s] DEBUG:colcon.colcon_notification.desktop_notification.notify2:Failed to initialize notify2: org.freedesktop.DBus.Error.FileNotFound: Failed to connect to socket /run/user/1000/bus: No such file or directory
[1.956s] DEBUG:colcon.colcon_core.event_reactor:joined thread
[1.971s] INFO:colcon.colcon_core.shell:Creating prefix script '/home/kevo/ros_ws/src/udemy_project/install/local_setup.ps1'
[1.972s] INFO:colcon.colcon_core.shell:Creating prefix util module '/home/kevo/ros_ws/src/udemy_project/install/_local_setup_util_ps1.py'
[1.976s] INFO:colcon.colcon_core.shell:Creating prefix chain script '/home/kevo/ros_ws/src/udemy_project/install/setup.ps1'
[1.995s] INFO:colcon.colcon_core.shell:Creating prefix script '/home/kevo/ros_ws/src/udemy_project/install/local_setup.sh'
[1.996s] INFO:colcon.colcon_core.shell:Creating prefix util module '/home/kevo/ros_ws/src/udemy_project/install/_local_setup_util_sh.py'
[1.996s] INFO:colcon.colcon_core.shell:Creating prefix chain script '/home/kevo/ros_ws/src/udemy_project/install/setup.sh'
[2.021s] INFO:colcon.colcon_core.shell:Creating prefix script '/home/kevo/ros_ws/src/udemy_project/install/local_setup.bash'
[2.022s] INFO:colcon.colcon_core.shell:Creating prefix chain script '/home/kevo/ros_ws/src/udemy_project/install/setup.bash'
[2.070s] INFO:colcon.colcon_core.shell:Creating prefix script '/home/kevo/ros_ws/src/udemy_project/install/local_setup.zsh'
[2.071s] INFO:colcon.colcon_core.shell:Creating prefix chain script '/home/kevo/ros_ws/src/udemy_project/install/setup.zsh'
