[0.059s] Invoking command in '/home/kevo/ros_ws/src/udemy_project/build/my_arm_description': CMAKE_PREFIX_PATH=${CMAKE_PREFIX_PATH}:/opt/ros/humble /usr/bin/cmake --build /home/kevo/ros_ws/src/udemy_project/build/my_arm_description -- -j8 -l8
[0.082s] Invoked command in '/home/kevo/ros_ws/src/udemy_project/build/my_arm_description' returned '0': CMAKE_PREFIX_PATH=${CMAKE_PREFIX_PATH}:/opt/ros/humble /usr/bin/cmake --build /home/kevo/ros_ws/src/udemy_project/build/my_arm_description -- -j8 -l8
[0.102s] Invoking command in '/home/kevo/ros_ws/src/udemy_project/build/my_arm_description': CMAKE_PREFIX_PATH=${CMAKE_PREFIX_PATH}:/opt/ros/humble /usr/bin/cmake --install /home/kevo/ros_ws/src/udemy_project/build/my_arm_description
[0.109s] -- Install configuration: ""
[0.109s] -- Up-to-date: /home/kevo/ros_ws/src/udemy_project/install/my_arm_description/share/my_arm_description//urdf
[0.110s] -- Installing: /home/kevo/ros_ws/src/udemy_project/install/my_arm_description/share/my_arm_description//urdf/my_robot.urdf.xacro
[0.110s] -- Up-to-date: /home/kevo/ros_ws/src/udemy_project/install/my_arm_description/share/my_arm_description//urdf/arm_gazebo.xacro
[0.110s] -- Installing: /home/kevo/ros_ws/src/udemy_project/install/my_arm_description/share/my_arm_description//urdf/ros2_control.xacro
[0.110s] -- Up-to-date: /home/kevo/ros_ws/src/udemy_project/install/my_arm_description/share/my_arm_description//urdf/arm.xacro
[0.110s] -- Up-to-date: /home/kevo/ros_ws/src/udemy_project/install/my_arm_description/share/my_arm_description//urdf/gazebo_control.xacro
[0.110s] -- Up-to-date: /home/kevo/ros_ws/src/udemy_project/install/my_arm_description/share/my_arm_description//urdf/common.xacro
[0.110s] -- Up-to-date: /home/kevo/ros_ws/src/udemy_project/install/my_arm_description/share/my_arm_description//launch
[0.111s] -- Up-to-date: /home/kevo/ros_ws/src/udemy_project/install/my_arm_description/share/my_arm_description//launch/display.launch.xml
[0.111s] -- Up-to-date: /home/kevo/ros_ws/src/udemy_project/install/my_arm_description/share/ament_index/resource_index/package_run_dependencies/my_arm_description
[0.111s] -- Up-to-date: /home/kevo/ros_ws/src/udemy_project/install/my_arm_description/share/ament_index/resource_index/parent_prefix_path/my_arm_description
[0.111s] -- Up-to-date: /home/kevo/ros_ws/src/udemy_project/install/my_arm_description/share/my_arm_description/environment/ament_prefix_path.sh
[0.111s] -- Up-to-date: /home/kevo/ros_ws/src/udemy_project/install/my_arm_description/share/my_arm_description/environment/ament_prefix_path.dsv
[0.111s] -- Up-to-date: /home/kevo/ros_ws/src/udemy_project/install/my_arm_description/share/my_arm_description/environment/path.sh
[0.111s] -- Up-to-date: /home/kevo/ros_ws/src/udemy_project/install/my_arm_description/share/my_arm_description/environment/path.dsv
[0.112s] -- Up-to-date: /home/kevo/ros_ws/src/udemy_project/install/my_arm_description/share/my_arm_description/local_setup.bash
[0.112s] -- Up-to-date: /home/kevo/ros_ws/src/udemy_project/install/my_arm_description/share/my_arm_description/local_setup.sh
[0.112s] -- Up-to-date: /home/kevo/ros_ws/src/udemy_project/install/my_arm_description/share/my_arm_description/local_setup.zsh
[0.112s] -- Up-to-date: /home/kevo/ros_ws/src/udemy_project/install/my_arm_description/share/my_arm_description/local_setup.dsv
[0.112s] -- Installing: /home/kevo/ros_ws/src/udemy_project/install/my_arm_description/share/my_arm_description/package.dsv
[0.113s] -- Up-to-date: /home/kevo/ros_ws/src/udemy_project/install/my_arm_description/share/ament_index/resource_index/packages/my_arm_description
[0.113s] -- Up-to-date: /home/kevo/ros_ws/src/udemy_project/install/my_arm_description/share/my_arm_description/cmake/my_arm_descriptionConfig.cmake
[0.113s] -- Up-to-date: /home/kevo/ros_ws/src/udemy_project/install/my_arm_description/share/my_arm_description/cmake/my_arm_descriptionConfig-version.cmake
[0.113s] -- Up-to-date: /home/kevo/ros_ws/src/udemy_project/install/my_arm_description/share/my_arm_description/package.xml
[0.156s] Invoked command in '/home/kevo/ros_ws/src/udemy_project/build/my_arm_description' returned '0': CMAKE_PREFIX_PATH=${CMAKE_PREFIX_PATH}:/opt/ros/humble /usr/bin/cmake --install /home/kevo/ros_ws/src/udemy_project/build/my_arm_description
