[0.064s] Invoking command in '/home/kevo/ros_ws/src/udemy_project/build/my_arm_description': CMAKE_PREFIX_PATH=${CMAKE_PREFIX_PATH}:/opt/ros/humble /usr/bin/cmake --build /home/kevo/ros_ws/src/udemy_project/build/my_arm_description -- -j8 -l8
[0.079s] -- Found ament_cmake: 1.3.5 (/opt/ros/humble/share/ament_cmake/cmake)
[0.268s] -- Configuring done
[0.275s] -- Generating done
[0.275s] -- Build files have been written to: /home/kevo/ros_ws/src/udemy_project/build/my_arm_description
[0.294s] Invoked command in '/home/kevo/ros_ws/src/udemy_project/build/my_arm_description' returned '0': CMAKE_PREFIX_PATH=${CMAKE_PREFIX_PATH}:/opt/ros/humble /usr/bin/cmake --build /home/kevo/ros_ws/src/udemy_project/build/my_arm_description -- -j8 -l8
[0.308s] Invoking command in '/home/kevo/ros_ws/src/udemy_project/build/my_arm_description': CMAKE_PREFIX_PATH=${CMAKE_PREFIX_PATH}:/opt/ros/humble /usr/bin/cmake --install /home/kevo/ros_ws/src/udemy_project/build/my_arm_description
[0.314s] -- Install configuration: ""
[0.314s] -- Up-to-date: /home/kevo/ros_ws/src/udemy_project/install/my_arm_description/share/my_arm_description//urdf
[0.314s] -- Up-to-date: /home/kevo/ros_ws/src/udemy_project/install/my_arm_description/share/my_arm_description//urdf/my_robot.urdf.xacro
[0.314s] -- Up-to-date: /home/kevo/ros_ws/src/udemy_project/install/my_arm_description/share/my_arm_description//urdf/arm_gazebo.xacro
[0.314s] -- Up-to-date: /home/kevo/ros_ws/src/udemy_project/install/my_arm_description/share/my_arm_description//urdf/ros2_control.xacro
[0.315s] -- Up-to-date: /home/kevo/ros_ws/src/udemy_project/install/my_arm_description/share/my_arm_description//urdf/arm.xacro
[0.315s] [31mCMake Error at cmake_install.cmake:46 (file):
[0.315s]   file INSTALL cannot find
[0.315s]   "/home/kevo/ros_ws/src/udemy_project/src/my_arm_description/config": No
[0.316s]   such file or directory.
[0.316s] 
[0.316s] [0m
[0.316s] -- Up-to-date: /home/kevo/ros_ws/src/udemy_project/install/my_arm_description/share/my_arm_description//urdf/gazebo_control.xacro
[0.316s] -- Up-to-date: /home/kevo/ros_ws/src/udemy_project/install/my_arm_description/share/my_arm_description//urdf/common.xacro
[0.316s] -- Up-to-date: /home/kevo/ros_ws/src/udemy_project/install/my_arm_description/share/my_arm_description//launch
[0.317s] -- Up-to-date: /home/kevo/ros_ws/src/udemy_project/install/my_arm_description/share/my_arm_description//launch/display.launch.xml
[0.318s] Invoked command in '/home/kevo/ros_ws/src/udemy_project/build/my_arm_description' returned '1': CMAKE_PREFIX_PATH=${CMAKE_PREFIX_PATH}:/opt/ros/humble /usr/bin/cmake --install /home/kevo/ros_ws/src/udemy_project/build/my_arm_description
