[0.099s] Invoking command in '/home/kevo/ros_ws/src/udemy_project/build/my_arm_bringup': CMAKE_PREFIX_PATH=${CMAKE_PREFIX_PATH}:/opt/ros/humble /usr/bin/cmake /home/kevo/ros_ws/src/udemy_project/src/my_arm_bringup -DCMAKE_INSTALL_PREFIX=/home/kevo/ros_ws/src/udemy_project/install/my_arm_bringup
[0.250s] -- The C compiler identification is GNU 11.4.0
[0.798s] -- The CXX compiler identification is GNU 11.4.0
[1.186s] -- Detecting C compiler ABI info
[1.322s] -- Detecting C compiler ABI info - done
[1.329s] -- Check for working C compiler: /usr/bin/cc - skipped
[1.329s] -- Detecting C compile features
[1.329s] -- Detecting C compile features - done
[1.332s] -- Detecting CXX compiler ABI info
[1.486s] -- Detecting CXX compiler ABI info - done
[1.493s] -- Check for working CXX compiler: /usr/bin/c++ - skipped
[1.493s] -- Detecting CXX compile features
[1.493s] -- Detecting CXX compile features - done
[1.495s] -- Found ament_cmake: 1.3.5 (/opt/ros/humble/share/ament_cmake/cmake)
[1.628s] -- Found Python3: /usr/bin/python3.10 (found version "3.10.12") found components: Interpreter 
[1.746s] -- Configuring done
[1.748s] -- Generating done
[1.749s] -- Build files have been written to: /home/kevo/ros_ws/src/udemy_project/build/my_arm_bringup
[1.753s] Invoked command in '/home/kevo/ros_ws/src/udemy_project/build/my_arm_bringup' returned '0': CMAKE_PREFIX_PATH=${CMAKE_PREFIX_PATH}:/opt/ros/humble /usr/bin/cmake /home/kevo/ros_ws/src/udemy_project/src/my_arm_bringup -DCMAKE_INSTALL_PREFIX=/home/kevo/ros_ws/src/udemy_project/install/my_arm_bringup
[1.754s] Invoking command in '/home/kevo/ros_ws/src/udemy_project/build/my_arm_bringup': CMAKE_PREFIX_PATH=${CMAKE_PREFIX_PATH}:/opt/ros/humble /usr/bin/cmake --build /home/kevo/ros_ws/src/udemy_project/build/my_arm_bringup -- -j8 -l8
[1.781s] Invoked command in '/home/kevo/ros_ws/src/udemy_project/build/my_arm_bringup' returned '0': CMAKE_PREFIX_PATH=${CMAKE_PREFIX_PATH}:/opt/ros/humble /usr/bin/cmake --build /home/kevo/ros_ws/src/udemy_project/build/my_arm_bringup -- -j8 -l8
[1.800s] Invoking command in '/home/kevo/ros_ws/src/udemy_project/build/my_arm_bringup': CMAKE_PREFIX_PATH=${CMAKE_PREFIX_PATH}:/opt/ros/humble /usr/bin/cmake --install /home/kevo/ros_ws/src/udemy_project/build/my_arm_bringup
[1.805s] -- Install configuration: ""
[1.805s] -- Installing: /home/kevo/ros_ws/src/udemy_project/install/my_arm_bringup/share/my_arm_bringup//launch
[1.805s] -- Installing: /home/kevo/ros_ws/src/udemy_project/install/my_arm_bringup/share/my_arm_bringup//launch/my_robot_gazebo.launch.xml
[1.805s] -- Installing: /home/kevo/ros_ws/src/udemy_project/install/my_arm_bringup/share/ament_index/resource_index/package_run_dependencies/my_arm_bringup
[1.805s] -- Installing: /home/kevo/ros_ws/src/udemy_project/install/my_arm_bringup/share/ament_index/resource_index/parent_prefix_path/my_arm_bringup
[1.806s] -- Installing: /home/kevo/ros_ws/src/udemy_project/install/my_arm_bringup/share/my_arm_bringup/environment/ament_prefix_path.sh
[1.806s] -- Installing: /home/kevo/ros_ws/src/udemy_project/install/my_arm_bringup/share/my_arm_bringup/environment/ament_prefix_path.dsv
[1.806s] -- Installing: /home/kevo/ros_ws/src/udemy_project/install/my_arm_bringup/share/my_arm_bringup/environment/path.sh
[1.806s] -- Installing: /home/kevo/ros_ws/src/udemy_project/install/my_arm_bringup/share/my_arm_bringup/environment/path.dsv
[1.806s] -- Installing: /home/kevo/ros_ws/src/udemy_project/install/my_arm_bringup/share/my_arm_bringup/local_setup.bash
[1.806s] -- Installing: /home/kevo/ros_ws/src/udemy_project/install/my_arm_bringup/share/my_arm_bringup/local_setup.sh
[1.806s] -- Installing: /home/kevo/ros_ws/src/udemy_project/install/my_arm_bringup/share/my_arm_bringup/local_setup.zsh
[1.807s] -- Installing: /home/kevo/ros_ws/src/udemy_project/install/my_arm_bringup/share/my_arm_bringup/local_setup.dsv
[1.807s] -- Installing: /home/kevo/ros_ws/src/udemy_project/install/my_arm_bringup/share/my_arm_bringup/package.dsv
[1.807s] -- Installing: /home/kevo/ros_ws/src/udemy_project/install/my_arm_bringup/share/ament_index/resource_index/packages/my_arm_bringup
[1.807s] -- Installing: /home/kevo/ros_ws/src/udemy_project/install/my_arm_bringup/share/my_arm_bringup/cmake/my_arm_bringupConfig.cmake
[1.807s] -- Installing: /home/kevo/ros_ws/src/udemy_project/install/my_arm_bringup/share/my_arm_bringup/cmake/my_arm_bringupConfig-version.cmake
[1.807s] -- Installing: /home/kevo/ros_ws/src/udemy_project/install/my_arm_bringup/share/my_arm_bringup/package.xml
[1.809s] Invoked command in '/home/kevo/ros_ws/src/udemy_project/build/my_arm_bringup' returned '0': CMAKE_PREFIX_PATH=${CMAKE_PREFIX_PATH}:/opt/ros/humble /usr/bin/cmake --install /home/kevo/ros_ws/src/udemy_project/build/my_arm_bringup
