[0.809s] DEBUG:colcon:Command line arguments: ['/usr/bin/colcon', 'build']
[0.809s] DEBUG:colcon:Parsed command line arguments: Namespace(log_base=None, log_level=None, verb_name='build', build_base='build', install_base='install', merge_install=False, symlink_install=False, test_result_base=None, continue_on_error=False, executor='parallel', parallel_workers=8, event_handlers=None, ignore_user_meta=False, metas=['./colcon.meta'], base_paths=['.'], packages_ignore=None, packages_ignore_regex=None, paths=None, packages_up_to=None, packages_up_to_regex=None, packages_above=None, packages_above_and_dependencies=None, packages_above_depth=None, packages_select_by_dep=None, packages_skip_by_dep=None, packages_skip_up_to=None, packages_select_build_failed=False, packages_skip_build_finished=False, packages_select_test_failures=False, packages_skip_test_passed=False, packages_select=None, packages_skip=None, packages_select_regex=None, packages_skip_regex=None, packages_start=None, packages_end=None, allow_overriding=[], cmake_args=None, cmake_target=None, cmake_target_skip_unavailable=False, cmake_clean_cache=False, cmake_clean_first=False, cmake_force_configure=False, ament_cmake_args=None, catkin_cmake_args=None, catkin_skip_building_tests=False, verb_parser=<colcon_defaults.argument_parser.defaults.DefaultArgumentsDecorator object at 0x7f91e06e5270>, verb_extension=<colcon_core.verb.build.BuildVerb object at 0x7f91e098ba90>, main=<bound method BuildVerb.main of <colcon_core.verb.build.BuildVerb object at 0x7f91e098ba90>>)
[0.846s] Level 1:colcon.colcon_core.package_discovery:discover_packages(colcon_meta) check parameters
[0.846s] Level 1:colcon.colcon_core.package_discovery:discover_packages(recursive) check parameters
[0.846s] Level 1:colcon.colcon_core.package_discovery:discover_packages(ignore) check parameters
[0.846s] Level 1:colcon.colcon_core.package_discovery:discover_packages(path) check parameters
[0.846s] Level 1:colcon.colcon_core.package_discovery:discover_packages(colcon_meta) discover
[0.846s] Level 1:colcon.colcon_core.package_discovery:discover_packages(recursive) discover
[0.846s] INFO:colcon.colcon_core.package_discovery:Crawling recursively for packages in '/home/kevo/ros_ws/src/udemy_project'
[0.846s] Level 1:colcon.colcon_core.package_identification:_identify(.) by extensions ['ignore', 'ignore_ament_install']
[0.847s] Level 1:colcon.colcon_core.package_identification:_identify(.) by extension 'ignore'
[0.847s] Level 1:colcon.colcon_core.package_identification:_identify(.) by extension 'ignore_ament_install'
[0.847s] Level 1:colcon.colcon_core.package_identification:_identify(.) by extensions ['colcon_pkg']
[0.847s] Level 1:colcon.colcon_core.package_identification:_identify(.) by extension 'colcon_pkg'
[0.847s] Level 1:colcon.colcon_core.package_identification:_identify(.) by extensions ['colcon_meta']
[0.847s] Level 1:colcon.colcon_core.package_identification:_identify(.) by extension 'colcon_meta'
[0.847s] Level 1:colcon.colcon_core.package_identification:_identify(.) by extensions ['ros']
[0.847s] Level 1:colcon.colcon_core.package_identification:_identify(.) by extension 'ros'
[0.855s] Level 1:colcon.colcon_core.package_identification:_identify(.) by extensions ['cmake', 'python']
[0.855s] Level 1:colcon.colcon_core.package_identification:_identify(.) by extension 'cmake'
[0.856s] Level 1:colcon.colcon_core.package_identification:_identify(.) by extension 'python'
[0.856s] Level 1:colcon.colcon_core.package_identification:_identify(.) by extensions ['python_setup_py']
[0.856s] Level 1:colcon.colcon_core.package_identification:_identify(.) by extension 'python_setup_py'
[0.856s] Level 1:colcon.colcon_core.package_identification:_identify(build) by extensions ['ignore', 'ignore_ament_install']
[0.856s] Level 1:colcon.colcon_core.package_identification:_identify(build) by extension 'ignore'
[0.856s] Level 1:colcon.colcon_core.package_identification:_identify(build) ignored
[0.856s] Level 1:colcon.colcon_core.package_identification:_identify(install) by extensions ['ignore', 'ignore_ament_install']
[0.856s] Level 1:colcon.colcon_core.package_identification:_identify(install) by extension 'ignore'
[0.856s] Level 1:colcon.colcon_core.package_identification:_identify(install) ignored
[0.856s] Level 1:colcon.colcon_core.package_identification:_identify(log) by extensions ['ignore', 'ignore_ament_install']
[0.856s] Level 1:colcon.colcon_core.package_identification:_identify(log) by extension 'ignore'
[0.856s] Level 1:colcon.colcon_core.package_identification:_identify(log) ignored
[0.856s] Level 1:colcon.colcon_core.package_identification:_identify(src) by extensions ['ignore', 'ignore_ament_install']
[0.856s] Level 1:colcon.colcon_core.package_identification:_identify(src) by extension 'ignore'
[0.856s] Level 1:colcon.colcon_core.package_identification:_identify(src) by extension 'ignore_ament_install'
[0.857s] Level 1:colcon.colcon_core.package_identification:_identify(src) by extensions ['colcon_pkg']
[0.857s] Level 1:colcon.colcon_core.package_identification:_identify(src) by extension 'colcon_pkg'
[0.857s] Level 1:colcon.colcon_core.package_identification:_identify(src) by extensions ['colcon_meta']
[0.857s] Level 1:colcon.colcon_core.package_identification:_identify(src) by extension 'colcon_meta'
[0.857s] Level 1:colcon.colcon_core.package_identification:_identify(src) by extensions ['ros']
[0.857s] Level 1:colcon.colcon_core.package_identification:_identify(src) by extension 'ros'
[0.857s] Level 1:colcon.colcon_core.package_identification:_identify(src) by extensions ['cmake', 'python']
[0.857s] Level 1:colcon.colcon_core.package_identification:_identify(src) by extension 'cmake'
[0.857s] Level 1:colcon.colcon_core.package_identification:_identify(src) by extension 'python'
[0.857s] Level 1:colcon.colcon_core.package_identification:_identify(src) by extensions ['python_setup_py']
[0.857s] Level 1:colcon.colcon_core.package_identification:_identify(src) by extension 'python_setup_py'
[0.857s] Level 1:colcon.colcon_core.package_identification:_identify(src/my_arm_bringup) by extensions ['ignore', 'ignore_ament_install']
[0.857s] Level 1:colcon.colcon_core.package_identification:_identify(src/my_arm_bringup) by extension 'ignore'
[0.857s] Level 1:colcon.colcon_core.package_identification:_identify(src/my_arm_bringup) by extension 'ignore_ament_install'
[0.857s] Level 1:colcon.colcon_core.package_identification:_identify(src/my_arm_bringup) by extensions ['colcon_pkg']
[0.857s] Level 1:colcon.colcon_core.package_identification:_identify(src/my_arm_bringup) by extension 'colcon_pkg'
[0.857s] Level 1:colcon.colcon_core.package_identification:_identify(src/my_arm_bringup) by extensions ['colcon_meta']
[0.857s] Level 1:colcon.colcon_core.package_identification:_identify(src/my_arm_bringup) by extension 'colcon_meta'
[0.857s] Level 1:colcon.colcon_core.package_identification:_identify(src/my_arm_bringup) by extensions ['ros']
[0.857s] Level 1:colcon.colcon_core.package_identification:_identify(src/my_arm_bringup) by extension 'ros'
[0.860s] DEBUG:colcon.colcon_core.package_identification:Package 'src/my_arm_bringup' with type 'ros.ament_cmake' and name 'my_arm_bringup'
[0.860s] Level 1:colcon.colcon_core.package_identification:_identify(src/my_arm_description) by extensions ['ignore', 'ignore_ament_install']
[0.860s] Level 1:colcon.colcon_core.package_identification:_identify(src/my_arm_description) by extension 'ignore'
[0.860s] Level 1:colcon.colcon_core.package_identification:_identify(src/my_arm_description) by extension 'ignore_ament_install'
[0.860s] Level 1:colcon.colcon_core.package_identification:_identify(src/my_arm_description) by extensions ['colcon_pkg']
[0.860s] Level 1:colcon.colcon_core.package_identification:_identify(src/my_arm_description) by extension 'colcon_pkg'
[0.860s] Level 1:colcon.colcon_core.package_identification:_identify(src/my_arm_description) by extensions ['colcon_meta']
[0.860s] Level 1:colcon.colcon_core.package_identification:_identify(src/my_arm_description) by extension 'colcon_meta'
[0.860s] Level 1:colcon.colcon_core.package_identification:_identify(src/my_arm_description) by extensions ['ros']
[0.860s] Level 1:colcon.colcon_core.package_identification:_identify(src/my_arm_description) by extension 'ros'
[0.860s] DEBUG:colcon.colcon_core.package_identification:Package 'src/my_arm_description' with type 'ros.ament_cmake' and name 'my_arm_description'
[0.861s] Level 1:colcon.colcon_core.package_discovery:discover_packages(recursive) using defaults
[0.861s] Level 1:colcon.colcon_core.package_discovery:discover_packages(ignore) discover
[0.861s] Level 1:colcon.colcon_core.package_discovery:discover_packages(ignore) using defaults
[0.861s] Level 1:colcon.colcon_core.package_discovery:discover_packages(path) discover
[0.861s] Level 1:colcon.colcon_core.package_discovery:discover_packages(path) using defaults
[0.929s] Level 1:colcon.colcon_core.package_discovery:discover_packages(prefix_path) check parameters
[0.929s] Level 1:colcon.colcon_core.package_discovery:discover_packages(prefix_path) discover
[0.949s] DEBUG:colcon.colcon_installed_package_information.package_discovery:Found 1 installed packages in /home/kevo/ros_ws/src/udemy_project/install
[0.960s] DEBUG:colcon.colcon_installed_package_information.package_discovery:Found 280 installed packages in /opt/ros/humble
[0.961s] Level 1:colcon.colcon_core.package_discovery:discover_packages(prefix_path) using defaults
[1.032s] Level 5:colcon.colcon_core.verb:set package 'my_arm_bringup' build argument 'cmake_args' from command line to 'None'
[1.032s] Level 5:colcon.colcon_core.verb:set package 'my_arm_bringup' build argument 'cmake_target' from command line to 'None'
[1.032s] Level 5:colcon.colcon_core.verb:set package 'my_arm_bringup' build argument 'cmake_target_skip_unavailable' from command line to 'False'
[1.032s] Level 5:colcon.colcon_core.verb:set package 'my_arm_bringup' build argument 'cmake_clean_cache' from command line to 'False'
[1.032s] Level 5:colcon.colcon_core.verb:set package 'my_arm_bringup' build argument 'cmake_clean_first' from command line to 'False'
[1.032s] Level 5:colcon.colcon_core.verb:set package 'my_arm_bringup' build argument 'cmake_force_configure' from command line to 'False'
[1.032s] Level 5:colcon.colcon_core.verb:set package 'my_arm_bringup' build argument 'ament_cmake_args' from command line to 'None'
[1.032s] Level 5:colcon.colcon_core.verb:set package 'my_arm_bringup' build argument 'catkin_cmake_args' from command line to 'None'
[1.032s] Level 5:colcon.colcon_core.verb:set package 'my_arm_bringup' build argument 'catkin_skip_building_tests' from command line to 'False'
[1.032s] DEBUG:colcon.colcon_core.verb:Building package 'my_arm_bringup' with the following arguments: {'ament_cmake_args': None, 'build_base': '/home/kevo/ros_ws/src/udemy_project/build/my_arm_bringup', 'catkin_cmake_args': None, 'catkin_skip_building_tests': False, 'cmake_args': None, 'cmake_clean_cache': False, 'cmake_clean_first': False, 'cmake_force_configure': False, 'cmake_target': None, 'cmake_target_skip_unavailable': False, 'install_base': '/home/kevo/ros_ws/src/udemy_project/install/my_arm_bringup', 'merge_install': False, 'path': '/home/kevo/ros_ws/src/udemy_project/src/my_arm_bringup', 'symlink_install': False, 'test_result_base': None}
[1.042s] Level 5:colcon.colcon_core.verb:set package 'my_arm_description' build argument 'cmake_args' from command line to 'None'
[1.042s] Level 5:colcon.colcon_core.verb:set package 'my_arm_description' build argument 'cmake_target' from command line to 'None'
[1.042s] Level 5:colcon.colcon_core.verb:set package 'my_arm_description' build argument 'cmake_target_skip_unavailable' from command line to 'False'
[1.042s] Level 5:colcon.colcon_core.verb:set package 'my_arm_description' build argument 'cmake_clean_cache' from command line to 'False'
[1.042s] Level 5:colcon.colcon_core.verb:set package 'my_arm_description' build argument 'cmake_clean_first' from command line to 'False'
[1.042s] Level 5:colcon.colcon_core.verb:set package 'my_arm_description' build argument 'cmake_force_configure' from command line to 'False'
[1.042s] Level 5:colcon.colcon_core.verb:set package 'my_arm_description' build argument 'ament_cmake_args' from command line to 'None'
[1.042s] Level 5:colcon.colcon_core.verb:set package 'my_arm_description' build argument 'catkin_cmake_args' from command line to 'None'
[1.042s] Level 5:colcon.colcon_core.verb:set package 'my_arm_description' build argument 'catkin_skip_building_tests' from command line to 'False'
[1.042s] DEBUG:colcon.colcon_core.verb:Building package 'my_arm_description' with the following arguments: {'ament_cmake_args': None, 'build_base': '/home/kevo/ros_ws/src/udemy_project/build/my_arm_description', 'catkin_cmake_args': None, 'catkin_skip_building_tests': False, 'cmake_args': None, 'cmake_clean_cache': False, 'cmake_clean_first': False, 'cmake_force_configure': False, 'cmake_target': None, 'cmake_target_skip_unavailable': False, 'install_base': '/home/kevo/ros_ws/src/udemy_project/install/my_arm_description', 'merge_install': False, 'path': '/home/kevo/ros_ws/src/udemy_project/src/my_arm_description', 'symlink_install': False, 'test_result_base': None}
[1.052s] INFO:colcon.colcon_core.executor:Executing jobs using 'parallel' executor
[1.063s] DEBUG:colcon.colcon_parallel_executor.executor.parallel:run_until_complete
[1.063s] INFO:colcon.colcon_ros.task.ament_cmake.build:Building ROS package in '/home/kevo/ros_ws/src/udemy_project/src/my_arm_bringup' with build type 'ament_cmake'
[1.063s] INFO:colcon.colcon_cmake.task.cmake.build:Building CMake package in '/home/kevo/ros_ws/src/udemy_project/src/my_arm_bringup'
[1.076s] INFO:colcon.colcon_core.plugin_system:Skipping extension 'colcon_core.shell.bat': Not used on non-Windows systems
[1.076s] INFO:colcon.colcon_core.shell:Skip shell extension 'powershell' for command environment: Not usable outside of PowerShell
[1.076s] DEBUG:colcon.colcon_core.shell:Skip shell extension 'dsv' for command environment
[1.110s] INFO:colcon.colcon_ros.task.ament_cmake.build:Building ROS package in '/home/kevo/ros_ws/src/udemy_project/src/my_arm_description' with build type 'ament_cmake'
[1.111s] INFO:colcon.colcon_cmake.task.cmake.build:Building CMake package in '/home/kevo/ros_ws/src/udemy_project/src/my_arm_description'
[1.122s] INFO:colcon.colcon_core.shell:Skip shell extension 'powershell' for command environment: Not usable outside of PowerShell
[1.122s] DEBUG:colcon.colcon_core.shell:Skip shell extension 'dsv' for command environment
[1.163s] DEBUG:colcon.colcon_core.event_handler.log_command:Invoking command in '/home/kevo/ros_ws/src/udemy_project/build/my_arm_bringup': CMAKE_PREFIX_PATH=${CMAKE_PREFIX_PATH}:/opt/ros/humble /usr/bin/cmake /home/kevo/ros_ws/src/udemy_project/src/my_arm_bringup -DCMAKE_INSTALL_PREFIX=/home/kevo/ros_ws/src/udemy_project/install/my_arm_bringup
[1.168s] DEBUG:colcon.colcon_core.event_handler.log_command:Invoking command in '/home/kevo/ros_ws/src/udemy_project/build/my_arm_description': CMAKE_PREFIX_PATH=${CMAKE_PREFIX_PATH}:/opt/ros/humble /usr/bin/cmake --build /home/kevo/ros_ws/src/udemy_project/build/my_arm_description -- -j8 -l8
[1.194s] DEBUG:colcon.colcon_core.event_handler.log_command:Invoked command in '/home/kevo/ros_ws/src/udemy_project/build/my_arm_description' returned '0': CMAKE_PREFIX_PATH=${CMAKE_PREFIX_PATH}:/opt/ros/humble /usr/bin/cmake --build /home/kevo/ros_ws/src/udemy_project/build/my_arm_description -- -j8 -l8
[1.217s] DEBUG:colcon.colcon_core.event_handler.log_command:Invoking command in '/home/kevo/ros_ws/src/udemy_project/build/my_arm_description': CMAKE_PREFIX_PATH=${CMAKE_PREFIX_PATH}:/opt/ros/humble /usr/bin/cmake --install /home/kevo/ros_ws/src/udemy_project/build/my_arm_description
[1.228s] Level 1:colcon.colcon_core.environment:create_environment_scripts_only(my_arm_description)
[1.229s] DEBUG:colcon.colcon_core.event_handler.log_command:Invoked command in '/home/kevo/ros_ws/src/udemy_project/build/my_arm_description' returned '0': CMAKE_PREFIX_PATH=${CMAKE_PREFIX_PATH}:/opt/ros/humble /usr/bin/cmake --install /home/kevo/ros_ws/src/udemy_project/build/my_arm_description
[1.245s] Level 1:colcon.colcon_core.environment:checking '/home/kevo/ros_ws/src/udemy_project/install/my_arm_description' for CMake module files
[1.246s] Level 1:colcon.colcon_core.environment:checking '/home/kevo/ros_ws/src/udemy_project/install/my_arm_description' for CMake config files
[1.246s] Level 1:colcon.colcon_core.shell:create_environment_hook('my_arm_description', 'cmake_prefix_path')
[1.259s] INFO:colcon.colcon_core.shell:Creating environment hook '/home/kevo/ros_ws/src/udemy_project/install/my_arm_description/share/my_arm_description/hook/cmake_prefix_path.ps1'
[1.259s] INFO:colcon.colcon_core.shell:Creating environment descriptor '/home/kevo/ros_ws/src/udemy_project/install/my_arm_description/share/my_arm_description/hook/cmake_prefix_path.dsv'
[1.260s] INFO:colcon.colcon_core.shell:Creating environment hook '/home/kevo/ros_ws/src/udemy_project/install/my_arm_description/share/my_arm_description/hook/cmake_prefix_path.sh'
[1.260s] Level 1:colcon.colcon_core.environment:checking '/home/kevo/ros_ws/src/udemy_project/install/my_arm_description/bin'
[1.260s] Level 1:colcon.colcon_core.environment:checking '/home/kevo/ros_ws/src/udemy_project/install/my_arm_description/lib/pkgconfig/my_arm_description.pc'
[1.261s] Level 1:colcon.colcon_core.environment:checking '/home/kevo/ros_ws/src/udemy_project/install/my_arm_description/lib/python3.10/site-packages'
[1.261s] Level 1:colcon.colcon_core.environment:checking '/home/kevo/ros_ws/src/udemy_project/install/my_arm_description/bin'
[1.274s] INFO:colcon.colcon_core.shell:Creating package script '/home/kevo/ros_ws/src/udemy_project/install/my_arm_description/share/my_arm_description/package.ps1'
[1.274s] INFO:colcon.colcon_core.shell:Creating package descriptor '/home/kevo/ros_ws/src/udemy_project/install/my_arm_description/share/my_arm_description/package.dsv'
[1.275s] INFO:colcon.colcon_core.shell:Creating package script '/home/kevo/ros_ws/src/udemy_project/install/my_arm_description/share/my_arm_description/package.sh'
[1.275s] INFO:colcon.colcon_core.shell:Creating package script '/home/kevo/ros_ws/src/udemy_project/install/my_arm_description/share/my_arm_description/package.bash'
[1.276s] INFO:colcon.colcon_core.shell:Creating package script '/home/kevo/ros_ws/src/udemy_project/install/my_arm_description/share/my_arm_description/package.zsh'
[1.276s] Level 1:colcon.colcon_core.environment:create_file_with_runtime_dependencies(/home/kevo/ros_ws/src/udemy_project/install/my_arm_description/share/colcon-core/packages/my_arm_description)
[1.304s] Level 1:colcon.colcon_core.environment:create_environment_scripts_only(my_arm_description)
[1.317s] Level 1:colcon.colcon_core.environment:checking '/home/kevo/ros_ws/src/udemy_project/install/my_arm_description' for CMake module files
[1.317s] Level 1:colcon.colcon_core.environment:checking '/home/kevo/ros_ws/src/udemy_project/install/my_arm_description' for CMake config files
[1.317s] Level 1:colcon.colcon_core.shell:create_environment_hook('my_arm_description', 'cmake_prefix_path')
[1.333s] INFO:colcon.colcon_core.shell:Creating environment hook '/home/kevo/ros_ws/src/udemy_project/install/my_arm_description/share/my_arm_description/hook/cmake_prefix_path.ps1'
[1.333s] INFO:colcon.colcon_core.shell:Creating environment descriptor '/home/kevo/ros_ws/src/udemy_project/install/my_arm_description/share/my_arm_description/hook/cmake_prefix_path.dsv'
[1.334s] INFO:colcon.colcon_core.shell:Creating environment hook '/home/kevo/ros_ws/src/udemy_project/install/my_arm_description/share/my_arm_description/hook/cmake_prefix_path.sh'
[1.335s] Level 1:colcon.colcon_core.environment:checking '/home/kevo/ros_ws/src/udemy_project/install/my_arm_description/bin'
[1.335s] Level 1:colcon.colcon_core.environment:checking '/home/kevo/ros_ws/src/udemy_project/install/my_arm_description/lib/pkgconfig/my_arm_description.pc'
[1.335s] Level 1:colcon.colcon_core.environment:checking '/home/kevo/ros_ws/src/udemy_project/install/my_arm_description/lib/python3.10/site-packages'
[1.335s] Level 1:colcon.colcon_core.environment:checking '/home/kevo/ros_ws/src/udemy_project/install/my_arm_description/bin'
[1.351s] INFO:colcon.colcon_core.shell:Creating package script '/home/kevo/ros_ws/src/udemy_project/install/my_arm_description/share/my_arm_description/package.ps1'
[1.352s] INFO:colcon.colcon_core.shell:Creating package descriptor '/home/kevo/ros_ws/src/udemy_project/install/my_arm_description/share/my_arm_description/package.dsv'
[1.352s] INFO:colcon.colcon_core.shell:Creating package script '/home/kevo/ros_ws/src/udemy_project/install/my_arm_description/share/my_arm_description/package.sh'
[1.353s] INFO:colcon.colcon_core.shell:Creating package script '/home/kevo/ros_ws/src/udemy_project/install/my_arm_description/share/my_arm_description/package.bash'
[1.353s] INFO:colcon.colcon_core.shell:Creating package script '/home/kevo/ros_ws/src/udemy_project/install/my_arm_description/share/my_arm_description/package.zsh'
[1.353s] Level 1:colcon.colcon_core.environment:create_file_with_runtime_dependencies(/home/kevo/ros_ws/src/udemy_project/install/my_arm_description/share/colcon-core/packages/my_arm_description)
[2.817s] DEBUG:colcon.colcon_core.event_handler.log_command:Invoked command in '/home/kevo/ros_ws/src/udemy_project/build/my_arm_bringup' returned '0': CMAKE_PREFIX_PATH=${CMAKE_PREFIX_PATH}:/opt/ros/humble /usr/bin/cmake /home/kevo/ros_ws/src/udemy_project/src/my_arm_bringup -DCMAKE_INSTALL_PREFIX=/home/kevo/ros_ws/src/udemy_project/install/my_arm_bringup
[2.819s] DEBUG:colcon.colcon_core.event_handler.log_command:Invoking command in '/home/kevo/ros_ws/src/udemy_project/build/my_arm_bringup': CMAKE_PREFIX_PATH=${CMAKE_PREFIX_PATH}:/opt/ros/humble /usr/bin/cmake --build /home/kevo/ros_ws/src/udemy_project/build/my_arm_bringup -- -j8 -l8
[2.846s] DEBUG:colcon.colcon_core.event_handler.log_command:Invoked command in '/home/kevo/ros_ws/src/udemy_project/build/my_arm_bringup' returned '0': CMAKE_PREFIX_PATH=${CMAKE_PREFIX_PATH}:/opt/ros/humble /usr/bin/cmake --build /home/kevo/ros_ws/src/udemy_project/build/my_arm_bringup -- -j8 -l8
[2.864s] DEBUG:colcon.colcon_core.event_handler.log_command:Invoking command in '/home/kevo/ros_ws/src/udemy_project/build/my_arm_bringup': CMAKE_PREFIX_PATH=${CMAKE_PREFIX_PATH}:/opt/ros/humble /usr/bin/cmake --install /home/kevo/ros_ws/src/udemy_project/build/my_arm_bringup
[2.872s] Level 1:colcon.colcon_core.environment:create_environment_scripts_only(my_arm_bringup)
[2.873s] DEBUG:colcon.colcon_core.event_handler.log_command:Invoked command in '/home/kevo/ros_ws/src/udemy_project/build/my_arm_bringup' returned '0': CMAKE_PREFIX_PATH=${CMAKE_PREFIX_PATH}:/opt/ros/humble /usr/bin/cmake --install /home/kevo/ros_ws/src/udemy_project/build/my_arm_bringup
[2.885s] Level 1:colcon.colcon_core.environment:checking '/home/kevo/ros_ws/src/udemy_project/install/my_arm_bringup' for CMake module files
[2.886s] Level 1:colcon.colcon_core.environment:checking '/home/kevo/ros_ws/src/udemy_project/install/my_arm_bringup' for CMake config files
[2.886s] Level 1:colcon.colcon_core.shell:create_environment_hook('my_arm_bringup', 'cmake_prefix_path')
[2.911s] INFO:colcon.colcon_core.shell:Creating environment hook '/home/kevo/ros_ws/src/udemy_project/install/my_arm_bringup/share/my_arm_bringup/hook/cmake_prefix_path.ps1'
[2.911s] INFO:colcon.colcon_core.shell:Creating environment descriptor '/home/kevo/ros_ws/src/udemy_project/install/my_arm_bringup/share/my_arm_bringup/hook/cmake_prefix_path.dsv'
[2.911s] INFO:colcon.colcon_core.shell:Creating environment hook '/home/kevo/ros_ws/src/udemy_project/install/my_arm_bringup/share/my_arm_bringup/hook/cmake_prefix_path.sh'
[2.912s] Level 1:colcon.colcon_core.environment:checking '/home/kevo/ros_ws/src/udemy_project/install/my_arm_bringup/bin'
[2.912s] Level 1:colcon.colcon_core.environment:checking '/home/kevo/ros_ws/src/udemy_project/install/my_arm_bringup/lib/pkgconfig/my_arm_bringup.pc'
[2.912s] Level 1:colcon.colcon_core.environment:checking '/home/kevo/ros_ws/src/udemy_project/install/my_arm_bringup/lib/python3.10/site-packages'
[2.912s] Level 1:colcon.colcon_core.environment:checking '/home/kevo/ros_ws/src/udemy_project/install/my_arm_bringup/bin'
[2.926s] INFO:colcon.colcon_core.shell:Creating package script '/home/kevo/ros_ws/src/udemy_project/install/my_arm_bringup/share/my_arm_bringup/package.ps1'
[2.927s] INFO:colcon.colcon_core.shell:Creating package descriptor '/home/kevo/ros_ws/src/udemy_project/install/my_arm_bringup/share/my_arm_bringup/package.dsv'
[2.927s] INFO:colcon.colcon_core.shell:Creating package script '/home/kevo/ros_ws/src/udemy_project/install/my_arm_bringup/share/my_arm_bringup/package.sh'
[2.928s] INFO:colcon.colcon_core.shell:Creating package script '/home/kevo/ros_ws/src/udemy_project/install/my_arm_bringup/share/my_arm_bringup/package.bash'
[2.928s] INFO:colcon.colcon_core.shell:Creating package script '/home/kevo/ros_ws/src/udemy_project/install/my_arm_bringup/share/my_arm_bringup/package.zsh'
[2.928s] Level 1:colcon.colcon_core.environment:create_file_with_runtime_dependencies(/home/kevo/ros_ws/src/udemy_project/install/my_arm_bringup/share/colcon-core/packages/my_arm_bringup)
[2.959s] Level 1:colcon.colcon_core.environment:create_environment_scripts_only(my_arm_bringup)
[2.972s] Level 1:colcon.colcon_core.environment:checking '/home/kevo/ros_ws/src/udemy_project/install/my_arm_bringup' for CMake module files
[2.972s] Level 1:colcon.colcon_core.environment:checking '/home/kevo/ros_ws/src/udemy_project/install/my_arm_bringup' for CMake config files
[2.972s] Level 1:colcon.colcon_core.shell:create_environment_hook('my_arm_bringup', 'cmake_prefix_path')
[2.985s] INFO:colcon.colcon_core.shell:Creating environment hook '/home/kevo/ros_ws/src/udemy_project/install/my_arm_bringup/share/my_arm_bringup/hook/cmake_prefix_path.ps1'
[2.985s] INFO:colcon.colcon_core.shell:Creating environment descriptor '/home/kevo/ros_ws/src/udemy_project/install/my_arm_bringup/share/my_arm_bringup/hook/cmake_prefix_path.dsv'
[2.985s] INFO:colcon.colcon_core.shell:Creating environment hook '/home/kevo/ros_ws/src/udemy_project/install/my_arm_bringup/share/my_arm_bringup/hook/cmake_prefix_path.sh'
[2.985s] Level 1:colcon.colcon_core.environment:checking '/home/kevo/ros_ws/src/udemy_project/install/my_arm_bringup/bin'
[2.986s] Level 1:colcon.colcon_core.environment:checking '/home/kevo/ros_ws/src/udemy_project/install/my_arm_bringup/lib/pkgconfig/my_arm_bringup.pc'
[2.986s] Level 1:colcon.colcon_core.environment:checking '/home/kevo/ros_ws/src/udemy_project/install/my_arm_bringup/lib/python3.10/site-packages'
[2.986s] Level 1:colcon.colcon_core.environment:checking '/home/kevo/ros_ws/src/udemy_project/install/my_arm_bringup/bin'
[2.997s] INFO:colcon.colcon_core.shell:Creating package script '/home/kevo/ros_ws/src/udemy_project/install/my_arm_bringup/share/my_arm_bringup/package.ps1'
[2.997s] INFO:colcon.colcon_core.shell:Creating package descriptor '/home/kevo/ros_ws/src/udemy_project/install/my_arm_bringup/share/my_arm_bringup/package.dsv'
[2.998s] INFO:colcon.colcon_core.shell:Creating package script '/home/kevo/ros_ws/src/udemy_project/install/my_arm_bringup/share/my_arm_bringup/package.sh'
[2.998s] INFO:colcon.colcon_core.shell:Creating package script '/home/kevo/ros_ws/src/udemy_project/install/my_arm_bringup/share/my_arm_bringup/package.bash'
[2.998s] INFO:colcon.colcon_core.shell:Creating package script '/home/kevo/ros_ws/src/udemy_project/install/my_arm_bringup/share/my_arm_bringup/package.zsh'
[2.999s] Level 1:colcon.colcon_core.environment:create_file_with_runtime_dependencies(/home/kevo/ros_ws/src/udemy_project/install/my_arm_bringup/share/colcon-core/packages/my_arm_bringup)
[2.999s] DEBUG:colcon.colcon_parallel_executor.executor.parallel:closing loop
[2.999s] DEBUG:colcon.colcon_parallel_executor.executor.parallel:loop closed
[2.999s] DEBUG:colcon.colcon_parallel_executor.executor.parallel:run_until_complete finished with '0'
[2.999s] DEBUG:colcon.colcon_core.event_reactor:joining thread
[3.062s] INFO:colcon.colcon_core.plugin_system:Skipping extension 'colcon_notification.desktop_notification.notify_send': Could not find 'notify-send'
[3.062s] INFO:colcon.colcon_core.plugin_system:Skipping extension 'colcon_notification.desktop_notification.terminal_notifier': Not used on non-Darwin systems
[3.062s] INFO:colcon.colcon_core.plugin_system:Skipping extension 'colcon_notification.desktop_notification.win32': Not used on non-Windows systems
[3.062s] INFO:colcon.colcon_notification.desktop_notification:Sending desktop notification using 'notify2'
[3.062s] DEBUG:colcon.colcon_notification.desktop_notification.notify2:Failed to initialize notify2: org.freedesktop.DBus.Error.FileNotFound: Failed to connect to socket /run/user/1000/bus: No such file or directory
[3.063s] DEBUG:colcon.colcon_core.event_reactor:joined thread
[3.074s] INFO:colcon.colcon_core.shell:Creating prefix script '/home/kevo/ros_ws/src/udemy_project/install/local_setup.ps1'
[3.075s] INFO:colcon.colcon_core.shell:Creating prefix util module '/home/kevo/ros_ws/src/udemy_project/install/_local_setup_util_ps1.py'
[3.076s] INFO:colcon.colcon_core.shell:Creating prefix chain script '/home/kevo/ros_ws/src/udemy_project/install/setup.ps1'
[3.088s] INFO:colcon.colcon_core.shell:Creating prefix script '/home/kevo/ros_ws/src/udemy_project/install/local_setup.sh'
[3.088s] INFO:colcon.colcon_core.shell:Creating prefix util module '/home/kevo/ros_ws/src/udemy_project/install/_local_setup_util_sh.py'
[3.089s] INFO:colcon.colcon_core.shell:Creating prefix chain script '/home/kevo/ros_ws/src/udemy_project/install/setup.sh'
[3.099s] INFO:colcon.colcon_core.shell:Creating prefix script '/home/kevo/ros_ws/src/udemy_project/install/local_setup.bash'
[3.100s] INFO:colcon.colcon_core.shell:Creating prefix chain script '/home/kevo/ros_ws/src/udemy_project/install/setup.bash'
[3.111s] INFO:colcon.colcon_core.shell:Creating prefix script '/home/kevo/ros_ws/src/udemy_project/install/local_setup.zsh'
[3.111s] INFO:colcon.colcon_core.shell:Creating prefix chain script '/home/kevo/ros_ws/src/udemy_project/install/setup.zsh'
