[0.863s] DEBUG:colcon:Command line arguments: ['/usr/bin/colcon', 'build']
[0.863s] DEBUG:colcon:Parsed command line arguments: Namespace(log_base=None, log_level=None, verb_name='build', build_base='build', install_base='install', merge_install=False, symlink_install=False, test_result_base=None, continue_on_error=False, executor='parallel', parallel_workers=8, event_handlers=None, ignore_user_meta=False, metas=['./colcon.meta'], base_paths=['.'], packages_ignore=None, packages_ignore_regex=None, paths=None, packages_up_to=None, packages_up_to_regex=None, packages_above=None, packages_above_and_dependencies=None, packages_above_depth=None, packages_select_by_dep=None, packages_skip_by_dep=None, packages_skip_up_to=None, packages_select_build_failed=False, packages_skip_build_finished=False, packages_select_test_failures=False, packages_skip_test_passed=False, packages_select=None, packages_skip=None, packages_select_regex=None, packages_skip_regex=None, packages_start=None, packages_end=None, allow_overriding=[], cmake_args=None, cmake_target=None, cmake_target_skip_unavailable=False, cmake_clean_cache=False, cmake_clean_first=False, cmake_force_configure=False, ament_cmake_args=None, catkin_cmake_args=None, catkin_skip_building_tests=False, verb_parser=<colcon_defaults.argument_parser.defaults.DefaultArgumentsDecorator object at 0x7f5bdc222ad0>, verb_extension=<colcon_core.verb.build.BuildVerb object at 0x7f5bdc6d2980>, main=<bound method BuildVerb.main of <colcon_core.verb.build.BuildVerb object at 0x7f5bdc6d2980>>)
[0.898s] Level 1:colcon.colcon_core.package_discovery:discover_packages(colcon_meta) check parameters
[0.898s] Level 1:colcon.colcon_core.package_discovery:discover_packages(recursive) check parameters
[0.899s] Level 1:colcon.colcon_core.package_discovery:discover_packages(ignore) check parameters
[0.899s] Level 1:colcon.colcon_core.package_discovery:discover_packages(path) check parameters
[0.899s] Level 1:colcon.colcon_core.package_discovery:discover_packages(colcon_meta) discover
[0.899s] Level 1:colcon.colcon_core.package_discovery:discover_packages(recursive) discover
[0.899s] INFO:colcon.colcon_core.package_discovery:Crawling recursively for packages in '/home/kevo/ros_ws/src/udemy_project'
[0.899s] Level 1:colcon.colcon_core.package_identification:_identify(.) by extensions ['ignore', 'ignore_ament_install']
[0.899s] Level 1:colcon.colcon_core.package_identification:_identify(.) by extension 'ignore'
[0.899s] Level 1:colcon.colcon_core.package_identification:_identify(.) by extension 'ignore_ament_install'
[0.899s] Level 1:colcon.colcon_core.package_identification:_identify(.) by extensions ['colcon_pkg']
[0.899s] Level 1:colcon.colcon_core.package_identification:_identify(.) by extension 'colcon_pkg'
[0.899s] Level 1:colcon.colcon_core.package_identification:_identify(.) by extensions ['colcon_meta']
[0.899s] Level 1:colcon.colcon_core.package_identification:_identify(.) by extension 'colcon_meta'
[0.899s] Level 1:colcon.colcon_core.package_identification:_identify(.) by extensions ['ros']
[0.899s] Level 1:colcon.colcon_core.package_identification:_identify(.) by extension 'ros'
[0.909s] Level 1:colcon.colcon_core.package_identification:_identify(.) by extensions ['cmake', 'python']
[0.909s] Level 1:colcon.colcon_core.package_identification:_identify(.) by extension 'cmake'
[0.909s] Level 1:colcon.colcon_core.package_identification:_identify(.) by extension 'python'
[0.909s] Level 1:colcon.colcon_core.package_identification:_identify(.) by extensions ['python_setup_py']
[0.909s] Level 1:colcon.colcon_core.package_identification:_identify(.) by extension 'python_setup_py'
[0.909s] Level 1:colcon.colcon_core.package_identification:_identify(build) by extensions ['ignore', 'ignore_ament_install']
[0.909s] Level 1:colcon.colcon_core.package_identification:_identify(build) by extension 'ignore'
[0.909s] Level 1:colcon.colcon_core.package_identification:_identify(build) ignored
[0.909s] Level 1:colcon.colcon_core.package_identification:_identify(install) by extensions ['ignore', 'ignore_ament_install']
[0.909s] Level 1:colcon.colcon_core.package_identification:_identify(install) by extension 'ignore'
[0.909s] Level 1:colcon.colcon_core.package_identification:_identify(install) ignored
[0.909s] Level 1:colcon.colcon_core.package_identification:_identify(log) by extensions ['ignore', 'ignore_ament_install']
[0.909s] Level 1:colcon.colcon_core.package_identification:_identify(log) by extension 'ignore'
[0.909s] Level 1:colcon.colcon_core.package_identification:_identify(log) ignored
[0.909s] Level 1:colcon.colcon_core.package_identification:_identify(src) by extensions ['ignore', 'ignore_ament_install']
[0.909s] Level 1:colcon.colcon_core.package_identification:_identify(src) by extension 'ignore'
[0.909s] Level 1:colcon.colcon_core.package_identification:_identify(src) by extension 'ignore_ament_install'
[0.909s] Level 1:colcon.colcon_core.package_identification:_identify(src) by extensions ['colcon_pkg']
[0.909s] Level 1:colcon.colcon_core.package_identification:_identify(src) by extension 'colcon_pkg'
[0.910s] Level 1:colcon.colcon_core.package_identification:_identify(src) by extensions ['colcon_meta']
[0.910s] Level 1:colcon.colcon_core.package_identification:_identify(src) by extension 'colcon_meta'
[0.910s] Level 1:colcon.colcon_core.package_identification:_identify(src) by extensions ['ros']
[0.910s] Level 1:colcon.colcon_core.package_identification:_identify(src) by extension 'ros'
[0.910s] Level 1:colcon.colcon_core.package_identification:_identify(src) by extensions ['cmake', 'python']
[0.910s] Level 1:colcon.colcon_core.package_identification:_identify(src) by extension 'cmake'
[0.910s] Level 1:colcon.colcon_core.package_identification:_identify(src) by extension 'python'
[0.910s] Level 1:colcon.colcon_core.package_identification:_identify(src) by extensions ['python_setup_py']
[0.910s] Level 1:colcon.colcon_core.package_identification:_identify(src) by extension 'python_setup_py'
[0.910s] Level 1:colcon.colcon_core.package_identification:_identify(src/my_arm_bringup) by extensions ['ignore', 'ignore_ament_install']
[0.910s] Level 1:colcon.colcon_core.package_identification:_identify(src/my_arm_bringup) by extension 'ignore'
[0.910s] Level 1:colcon.colcon_core.package_identification:_identify(src/my_arm_bringup) by extension 'ignore_ament_install'
[0.910s] Level 1:colcon.colcon_core.package_identification:_identify(src/my_arm_bringup) by extensions ['colcon_pkg']
[0.910s] Level 1:colcon.colcon_core.package_identification:_identify(src/my_arm_bringup) by extension 'colcon_pkg'
[0.910s] Level 1:colcon.colcon_core.package_identification:_identify(src/my_arm_bringup) by extensions ['colcon_meta']
[0.910s] Level 1:colcon.colcon_core.package_identification:_identify(src/my_arm_bringup) by extension 'colcon_meta'
[0.910s] Level 1:colcon.colcon_core.package_identification:_identify(src/my_arm_bringup) by extensions ['ros']
[0.910s] Level 1:colcon.colcon_core.package_identification:_identify(src/my_arm_bringup) by extension 'ros'
[0.912s] DEBUG:colcon.colcon_core.package_identification:Package 'src/my_arm_bringup' with type 'ros.ament_cmake' and name 'my_arm_bringup'
[0.912s] Level 1:colcon.colcon_core.package_identification:_identify(src/my_arm_description) by extensions ['ignore', 'ignore_ament_install']
[0.912s] Level 1:colcon.colcon_core.package_identification:_identify(src/my_arm_description) by extension 'ignore'
[0.912s] Level 1:colcon.colcon_core.package_identification:_identify(src/my_arm_description) by extension 'ignore_ament_install'
[0.912s] Level 1:colcon.colcon_core.package_identification:_identify(src/my_arm_description) by extensions ['colcon_pkg']
[0.912s] Level 1:colcon.colcon_core.package_identification:_identify(src/my_arm_description) by extension 'colcon_pkg'
[0.912s] Level 1:colcon.colcon_core.package_identification:_identify(src/my_arm_description) by extensions ['colcon_meta']
[0.912s] Level 1:colcon.colcon_core.package_identification:_identify(src/my_arm_description) by extension 'colcon_meta'
[0.912s] Level 1:colcon.colcon_core.package_identification:_identify(src/my_arm_description) by extensions ['ros']
[0.912s] Level 1:colcon.colcon_core.package_identification:_identify(src/my_arm_description) by extension 'ros'
[0.913s] DEBUG:colcon.colcon_core.package_identification:Package 'src/my_arm_description' with type 'ros.ament_cmake' and name 'my_arm_description'
[0.913s] Level 1:colcon.colcon_core.package_discovery:discover_packages(recursive) using defaults
[0.913s] Level 1:colcon.colcon_core.package_discovery:discover_packages(ignore) discover
[0.913s] Level 1:colcon.colcon_core.package_discovery:discover_packages(ignore) using defaults
[0.913s] Level 1:colcon.colcon_core.package_discovery:discover_packages(path) discover
[0.913s] Level 1:colcon.colcon_core.package_discovery:discover_packages(path) using defaults
[0.983s] Level 1:colcon.colcon_core.package_discovery:discover_packages(prefix_path) check parameters
[0.983s] Level 1:colcon.colcon_core.package_discovery:discover_packages(prefix_path) discover
[1.006s] DEBUG:colcon.colcon_installed_package_information.package_discovery:Found 2 installed packages in /home/kevo/ros_ws/src/udemy_project/install
[1.018s] DEBUG:colcon.colcon_installed_package_information.package_discovery:Found 322 installed packages in /opt/ros/humble
[1.019s] Level 1:colcon.colcon_core.package_discovery:discover_packages(prefix_path) using defaults
[1.106s] Level 5:colcon.colcon_core.verb:set package 'my_arm_bringup' build argument 'cmake_args' from command line to 'None'
[1.106s] Level 5:colcon.colcon_core.verb:set package 'my_arm_bringup' build argument 'cmake_target' from command line to 'None'
[1.106s] Level 5:colcon.colcon_core.verb:set package 'my_arm_bringup' build argument 'cmake_target_skip_unavailable' from command line to 'False'
[1.106s] Level 5:colcon.colcon_core.verb:set package 'my_arm_bringup' build argument 'cmake_clean_cache' from command line to 'False'
[1.106s] Level 5:colcon.colcon_core.verb:set package 'my_arm_bringup' build argument 'cmake_clean_first' from command line to 'False'
[1.106s] Level 5:colcon.colcon_core.verb:set package 'my_arm_bringup' build argument 'cmake_force_configure' from command line to 'False'
[1.106s] Level 5:colcon.colcon_core.verb:set package 'my_arm_bringup' build argument 'ament_cmake_args' from command line to 'None'
[1.106s] Level 5:colcon.colcon_core.verb:set package 'my_arm_bringup' build argument 'catkin_cmake_args' from command line to 'None'
[1.106s] Level 5:colcon.colcon_core.verb:set package 'my_arm_bringup' build argument 'catkin_skip_building_tests' from command line to 'False'
[1.106s] DEBUG:colcon.colcon_core.verb:Building package 'my_arm_bringup' with the following arguments: {'ament_cmake_args': None, 'build_base': '/home/kevo/ros_ws/src/udemy_project/build/my_arm_bringup', 'catkin_cmake_args': None, 'catkin_skip_building_tests': False, 'cmake_args': None, 'cmake_clean_cache': False, 'cmake_clean_first': False, 'cmake_force_configure': False, 'cmake_target': None, 'cmake_target_skip_unavailable': False, 'install_base': '/home/kevo/ros_ws/src/udemy_project/install/my_arm_bringup', 'merge_install': False, 'path': '/home/kevo/ros_ws/src/udemy_project/src/my_arm_bringup', 'symlink_install': False, 'test_result_base': None}
[1.118s] Level 5:colcon.colcon_core.verb:set package 'my_arm_description' build argument 'cmake_args' from command line to 'None'
[1.118s] Level 5:colcon.colcon_core.verb:set package 'my_arm_description' build argument 'cmake_target' from command line to 'None'
[1.118s] Level 5:colcon.colcon_core.verb:set package 'my_arm_description' build argument 'cmake_target_skip_unavailable' from command line to 'False'
[1.118s] Level 5:colcon.colcon_core.verb:set package 'my_arm_description' build argument 'cmake_clean_cache' from command line to 'False'
[1.118s] Level 5:colcon.colcon_core.verb:set package 'my_arm_description' build argument 'cmake_clean_first' from command line to 'False'
[1.118s] Level 5:colcon.colcon_core.verb:set package 'my_arm_description' build argument 'cmake_force_configure' from command line to 'False'
[1.118s] Level 5:colcon.colcon_core.verb:set package 'my_arm_description' build argument 'ament_cmake_args' from command line to 'None'
[1.118s] Level 5:colcon.colcon_core.verb:set package 'my_arm_description' build argument 'catkin_cmake_args' from command line to 'None'
[1.118s] Level 5:colcon.colcon_core.verb:set package 'my_arm_description' build argument 'catkin_skip_building_tests' from command line to 'False'
[1.118s] DEBUG:colcon.colcon_core.verb:Building package 'my_arm_description' with the following arguments: {'ament_cmake_args': None, 'build_base': '/home/kevo/ros_ws/src/udemy_project/build/my_arm_description', 'catkin_cmake_args': None, 'catkin_skip_building_tests': False, 'cmake_args': None, 'cmake_clean_cache': False, 'cmake_clean_first': False, 'cmake_force_configure': False, 'cmake_target': None, 'cmake_target_skip_unavailable': False, 'install_base': '/home/kevo/ros_ws/src/udemy_project/install/my_arm_description', 'merge_install': False, 'path': '/home/kevo/ros_ws/src/udemy_project/src/my_arm_description', 'symlink_install': False, 'test_result_base': None}
[1.129s] INFO:colcon.colcon_core.executor:Executing jobs using 'parallel' executor
[1.141s] DEBUG:colcon.colcon_parallel_executor.executor.parallel:run_until_complete
[1.141s] INFO:colcon.colcon_ros.task.ament_cmake.build:Building ROS package in '/home/kevo/ros_ws/src/udemy_project/src/my_arm_bringup' with build type 'ament_cmake'
[1.141s] INFO:colcon.colcon_cmake.task.cmake.build:Building CMake package in '/home/kevo/ros_ws/src/udemy_project/src/my_arm_bringup'
[1.156s] INFO:colcon.colcon_core.plugin_system:Skipping extension 'colcon_core.shell.bat': Not used on non-Windows systems
[1.156s] INFO:colcon.colcon_core.shell:Skip shell extension 'powershell' for command environment: Not usable outside of PowerShell
[1.156s] DEBUG:colcon.colcon_core.shell:Skip shell extension 'dsv' for command environment
[1.196s] INFO:colcon.colcon_ros.task.ament_cmake.build:Building ROS package in '/home/kevo/ros_ws/src/udemy_project/src/my_arm_description' with build type 'ament_cmake'
[1.196s] INFO:colcon.colcon_cmake.task.cmake.build:Building CMake package in '/home/kevo/ros_ws/src/udemy_project/src/my_arm_description'
[1.209s] INFO:colcon.colcon_core.shell:Skip shell extension 'powershell' for command environment: Not usable outside of PowerShell
[1.209s] DEBUG:colcon.colcon_core.shell:Skip shell extension 'dsv' for command environment
[1.258s] DEBUG:colcon.colcon_core.event_handler.log_command:Invoking command in '/home/kevo/ros_ws/src/udemy_project/build/my_arm_bringup': CMAKE_PREFIX_PATH=${CMAKE_PREFIX_PATH}:/opt/ros/humble /usr/bin/cmake --build /home/kevo/ros_ws/src/udemy_project/build/my_arm_bringup -- -j8 -l8
[1.263s] DEBUG:colcon.colcon_core.event_handler.log_command:Invoking command in '/home/kevo/ros_ws/src/udemy_project/build/my_arm_description': CMAKE_PREFIX_PATH=${CMAKE_PREFIX_PATH}:/opt/ros/humble /usr/bin/cmake --build /home/kevo/ros_ws/src/udemy_project/build/my_arm_description -- -j8 -l8
[1.285s] DEBUG:colcon.colcon_core.event_handler.log_command:Invoked command in '/home/kevo/ros_ws/src/udemy_project/build/my_arm_bringup' returned '0': CMAKE_PREFIX_PATH=${CMAKE_PREFIX_PATH}:/opt/ros/humble /usr/bin/cmake --build /home/kevo/ros_ws/src/udemy_project/build/my_arm_bringup -- -j8 -l8
[1.288s] DEBUG:colcon.colcon_core.event_handler.log_command:Invoked command in '/home/kevo/ros_ws/src/udemy_project/build/my_arm_description' returned '0': CMAKE_PREFIX_PATH=${CMAKE_PREFIX_PATH}:/opt/ros/humble /usr/bin/cmake --build /home/kevo/ros_ws/src/udemy_project/build/my_arm_description -- -j8 -l8
[1.305s] DEBUG:colcon.colcon_core.event_handler.log_command:Invoking command in '/home/kevo/ros_ws/src/udemy_project/build/my_arm_bringup': CMAKE_PREFIX_PATH=${CMAKE_PREFIX_PATH}:/opt/ros/humble /usr/bin/cmake --install /home/kevo/ros_ws/src/udemy_project/build/my_arm_bringup
[1.309s] DEBUG:colcon.colcon_core.event_handler.log_command:Invoking command in '/home/kevo/ros_ws/src/udemy_project/build/my_arm_description': CMAKE_PREFIX_PATH=${CMAKE_PREFIX_PATH}:/opt/ros/humble /usr/bin/cmake --install /home/kevo/ros_ws/src/udemy_project/build/my_arm_description
[1.315s] Level 1:colcon.colcon_core.environment:create_environment_scripts_only(my_arm_bringup)
[1.317s] DEBUG:colcon.colcon_core.event_handler.log_command:Invoked command in '/home/kevo/ros_ws/src/udemy_project/build/my_arm_bringup' returned '0': CMAKE_PREFIX_PATH=${CMAKE_PREFIX_PATH}:/opt/ros/humble /usr/bin/cmake --install /home/kevo/ros_ws/src/udemy_project/build/my_arm_bringup
[1.335s] Level 1:colcon.colcon_core.environment:checking '/home/kevo/ros_ws/src/udemy_project/install/my_arm_bringup' for CMake module files
[1.336s] Level 1:colcon.colcon_core.environment:checking '/home/kevo/ros_ws/src/udemy_project/install/my_arm_bringup' for CMake config files
[1.336s] Level 1:colcon.colcon_core.shell:create_environment_hook('my_arm_bringup', 'cmake_prefix_path')
[1.350s] INFO:colcon.colcon_core.shell:Creating environment hook '/home/kevo/ros_ws/src/udemy_project/install/my_arm_bringup/share/my_arm_bringup/hook/cmake_prefix_path.ps1'
[1.351s] INFO:colcon.colcon_core.shell:Creating environment descriptor '/home/kevo/ros_ws/src/udemy_project/install/my_arm_bringup/share/my_arm_bringup/hook/cmake_prefix_path.dsv'
[1.351s] INFO:colcon.colcon_core.shell:Creating environment hook '/home/kevo/ros_ws/src/udemy_project/install/my_arm_bringup/share/my_arm_bringup/hook/cmake_prefix_path.sh'
[1.352s] Level 1:colcon.colcon_core.environment:checking '/home/kevo/ros_ws/src/udemy_project/install/my_arm_bringup/bin'
[1.352s] Level 1:colcon.colcon_core.environment:checking '/home/kevo/ros_ws/src/udemy_project/install/my_arm_bringup/lib/pkgconfig/my_arm_bringup.pc'
[1.352s] Level 1:colcon.colcon_core.environment:checking '/home/kevo/ros_ws/src/udemy_project/install/my_arm_bringup/lib/python3.10/site-packages'
[1.352s] Level 1:colcon.colcon_core.environment:checking '/home/kevo/ros_ws/src/udemy_project/install/my_arm_bringup/bin'
[1.364s] INFO:colcon.colcon_core.shell:Creating package script '/home/kevo/ros_ws/src/udemy_project/install/my_arm_bringup/share/my_arm_bringup/package.ps1'
[1.365s] INFO:colcon.colcon_core.shell:Creating package descriptor '/home/kevo/ros_ws/src/udemy_project/install/my_arm_bringup/share/my_arm_bringup/package.dsv'
[1.365s] INFO:colcon.colcon_core.shell:Creating package script '/home/kevo/ros_ws/src/udemy_project/install/my_arm_bringup/share/my_arm_bringup/package.sh'
[1.366s] INFO:colcon.colcon_core.shell:Creating package script '/home/kevo/ros_ws/src/udemy_project/install/my_arm_bringup/share/my_arm_bringup/package.bash'
[1.366s] INFO:colcon.colcon_core.shell:Creating package script '/home/kevo/ros_ws/src/udemy_project/install/my_arm_bringup/share/my_arm_bringup/package.zsh'
[1.367s] Level 1:colcon.colcon_core.environment:create_file_with_runtime_dependencies(/home/kevo/ros_ws/src/udemy_project/install/my_arm_bringup/share/colcon-core/packages/my_arm_bringup)
[1.370s] Level 1:colcon.colcon_core.environment:create_environment_scripts_only(my_arm_description)
[1.371s] DEBUG:colcon.colcon_core.event_handler.log_command:Invoked command in '/home/kevo/ros_ws/src/udemy_project/build/my_arm_description' returned '0': CMAKE_PREFIX_PATH=${CMAKE_PREFIX_PATH}:/opt/ros/humble /usr/bin/cmake --install /home/kevo/ros_ws/src/udemy_project/build/my_arm_description
[1.384s] Level 1:colcon.colcon_core.environment:checking '/home/kevo/ros_ws/src/udemy_project/install/my_arm_description' for CMake module files
[1.384s] Level 1:colcon.colcon_core.environment:checking '/home/kevo/ros_ws/src/udemy_project/install/my_arm_description' for CMake config files
[1.384s] Level 1:colcon.colcon_core.shell:create_environment_hook('my_arm_description', 'cmake_prefix_path')
[1.396s] INFO:colcon.colcon_core.shell:Creating environment hook '/home/kevo/ros_ws/src/udemy_project/install/my_arm_description/share/my_arm_description/hook/cmake_prefix_path.ps1'
[1.397s] INFO:colcon.colcon_core.shell:Creating environment descriptor '/home/kevo/ros_ws/src/udemy_project/install/my_arm_description/share/my_arm_description/hook/cmake_prefix_path.dsv'
[1.397s] INFO:colcon.colcon_core.shell:Creating environment hook '/home/kevo/ros_ws/src/udemy_project/install/my_arm_description/share/my_arm_description/hook/cmake_prefix_path.sh'
[1.397s] Level 1:colcon.colcon_core.environment:checking '/home/kevo/ros_ws/src/udemy_project/install/my_arm_description/bin'
[1.398s] Level 1:colcon.colcon_core.environment:checking '/home/kevo/ros_ws/src/udemy_project/install/my_arm_description/lib/pkgconfig/my_arm_description.pc'
[1.398s] Level 1:colcon.colcon_core.environment:checking '/home/kevo/ros_ws/src/udemy_project/install/my_arm_description/lib/python3.10/site-packages'
[1.398s] Level 1:colcon.colcon_core.environment:checking '/home/kevo/ros_ws/src/udemy_project/install/my_arm_description/bin'
[1.408s] INFO:colcon.colcon_core.shell:Creating package script '/home/kevo/ros_ws/src/udemy_project/install/my_arm_description/share/my_arm_description/package.ps1'
[1.409s] INFO:colcon.colcon_core.shell:Creating package descriptor '/home/kevo/ros_ws/src/udemy_project/install/my_arm_description/share/my_arm_description/package.dsv'
[1.409s] INFO:colcon.colcon_core.shell:Creating package script '/home/kevo/ros_ws/src/udemy_project/install/my_arm_description/share/my_arm_description/package.sh'
[1.409s] INFO:colcon.colcon_core.shell:Creating package script '/home/kevo/ros_ws/src/udemy_project/install/my_arm_description/share/my_arm_description/package.bash'
[1.409s] INFO:colcon.colcon_core.shell:Creating package script '/home/kevo/ros_ws/src/udemy_project/install/my_arm_description/share/my_arm_description/package.zsh'
[1.410s] Level 1:colcon.colcon_core.environment:create_file_with_runtime_dependencies(/home/kevo/ros_ws/src/udemy_project/install/my_arm_description/share/colcon-core/packages/my_arm_description)
[1.424s] Level 1:colcon.colcon_core.environment:create_environment_scripts_only(my_arm_bringup)
[1.436s] Level 1:colcon.colcon_core.environment:checking '/home/kevo/ros_ws/src/udemy_project/install/my_arm_bringup' for CMake module files
[1.436s] Level 1:colcon.colcon_core.environment:checking '/home/kevo/ros_ws/src/udemy_project/install/my_arm_bringup' for CMake config files
[1.437s] Level 1:colcon.colcon_core.shell:create_environment_hook('my_arm_bringup', 'cmake_prefix_path')
[1.448s] INFO:colcon.colcon_core.shell:Creating environment hook '/home/kevo/ros_ws/src/udemy_project/install/my_arm_bringup/share/my_arm_bringup/hook/cmake_prefix_path.ps1'
[1.448s] INFO:colcon.colcon_core.shell:Creating environment descriptor '/home/kevo/ros_ws/src/udemy_project/install/my_arm_bringup/share/my_arm_bringup/hook/cmake_prefix_path.dsv'
[1.449s] INFO:colcon.colcon_core.shell:Creating environment hook '/home/kevo/ros_ws/src/udemy_project/install/my_arm_bringup/share/my_arm_bringup/hook/cmake_prefix_path.sh'
[1.449s] Level 1:colcon.colcon_core.environment:checking '/home/kevo/ros_ws/src/udemy_project/install/my_arm_bringup/bin'
[1.449s] Level 1:colcon.colcon_core.environment:checking '/home/kevo/ros_ws/src/udemy_project/install/my_arm_bringup/lib/pkgconfig/my_arm_bringup.pc'
[1.449s] Level 1:colcon.colcon_core.environment:checking '/home/kevo/ros_ws/src/udemy_project/install/my_arm_bringup/lib/python3.10/site-packages'
[1.449s] Level 1:colcon.colcon_core.environment:checking '/home/kevo/ros_ws/src/udemy_project/install/my_arm_bringup/bin'
[1.462s] INFO:colcon.colcon_core.shell:Creating package script '/home/kevo/ros_ws/src/udemy_project/install/my_arm_bringup/share/my_arm_bringup/package.ps1'
[1.462s] INFO:colcon.colcon_core.shell:Creating package descriptor '/home/kevo/ros_ws/src/udemy_project/install/my_arm_bringup/share/my_arm_bringup/package.dsv'
[1.462s] INFO:colcon.colcon_core.shell:Creating package script '/home/kevo/ros_ws/src/udemy_project/install/my_arm_bringup/share/my_arm_bringup/package.sh'
[1.463s] INFO:colcon.colcon_core.shell:Creating package script '/home/kevo/ros_ws/src/udemy_project/install/my_arm_bringup/share/my_arm_bringup/package.bash'
[1.463s] INFO:colcon.colcon_core.shell:Creating package script '/home/kevo/ros_ws/src/udemy_project/install/my_arm_bringup/share/my_arm_bringup/package.zsh'
[1.463s] Level 1:colcon.colcon_core.environment:create_file_with_runtime_dependencies(/home/kevo/ros_ws/src/udemy_project/install/my_arm_bringup/share/colcon-core/packages/my_arm_bringup)
[1.478s] Level 1:colcon.colcon_core.environment:create_environment_scripts_only(my_arm_description)
[1.491s] Level 1:colcon.colcon_core.environment:checking '/home/kevo/ros_ws/src/udemy_project/install/my_arm_description' for CMake module files
[1.491s] Level 1:colcon.colcon_core.environment:checking '/home/kevo/ros_ws/src/udemy_project/install/my_arm_description' for CMake config files
[1.491s] Level 1:colcon.colcon_core.shell:create_environment_hook('my_arm_description', 'cmake_prefix_path')
[1.504s] INFO:colcon.colcon_core.shell:Creating environment hook '/home/kevo/ros_ws/src/udemy_project/install/my_arm_description/share/my_arm_description/hook/cmake_prefix_path.ps1'
[1.504s] INFO:colcon.colcon_core.shell:Creating environment descriptor '/home/kevo/ros_ws/src/udemy_project/install/my_arm_description/share/my_arm_description/hook/cmake_prefix_path.dsv'
[1.504s] INFO:colcon.colcon_core.shell:Creating environment hook '/home/kevo/ros_ws/src/udemy_project/install/my_arm_description/share/my_arm_description/hook/cmake_prefix_path.sh'
[1.505s] Level 1:colcon.colcon_core.environment:checking '/home/kevo/ros_ws/src/udemy_project/install/my_arm_description/bin'
[1.505s] Level 1:colcon.colcon_core.environment:checking '/home/kevo/ros_ws/src/udemy_project/install/my_arm_description/lib/pkgconfig/my_arm_description.pc'
[1.505s] Level 1:colcon.colcon_core.environment:checking '/home/kevo/ros_ws/src/udemy_project/install/my_arm_description/lib/python3.10/site-packages'
[1.505s] Level 1:colcon.colcon_core.environment:checking '/home/kevo/ros_ws/src/udemy_project/install/my_arm_description/bin'
[1.518s] INFO:colcon.colcon_core.shell:Creating package script '/home/kevo/ros_ws/src/udemy_project/install/my_arm_description/share/my_arm_description/package.ps1'
[1.518s] INFO:colcon.colcon_core.shell:Creating package descriptor '/home/kevo/ros_ws/src/udemy_project/install/my_arm_description/share/my_arm_description/package.dsv'
[1.518s] INFO:colcon.colcon_core.shell:Creating package script '/home/kevo/ros_ws/src/udemy_project/install/my_arm_description/share/my_arm_description/package.sh'
[1.519s] INFO:colcon.colcon_core.shell:Creating package script '/home/kevo/ros_ws/src/udemy_project/install/my_arm_description/share/my_arm_description/package.bash'
[1.519s] INFO:colcon.colcon_core.shell:Creating package script '/home/kevo/ros_ws/src/udemy_project/install/my_arm_description/share/my_arm_description/package.zsh'
[1.519s] Level 1:colcon.colcon_core.environment:create_file_with_runtime_dependencies(/home/kevo/ros_ws/src/udemy_project/install/my_arm_description/share/colcon-core/packages/my_arm_description)
[1.519s] DEBUG:colcon.colcon_parallel_executor.executor.parallel:closing loop
[1.520s] DEBUG:colcon.colcon_parallel_executor.executor.parallel:loop closed
[1.520s] DEBUG:colcon.colcon_parallel_executor.executor.parallel:run_until_complete finished with '0'
[1.520s] DEBUG:colcon.colcon_core.event_reactor:joining thread
[1.582s] INFO:colcon.colcon_core.plugin_system:Skipping extension 'colcon_notification.desktop_notification.notify_send': Could not find 'notify-send'
[1.582s] INFO:colcon.colcon_core.plugin_system:Skipping extension 'colcon_notification.desktop_notification.terminal_notifier': Not used on non-Darwin systems
[1.582s] INFO:colcon.colcon_core.plugin_system:Skipping extension 'colcon_notification.desktop_notification.win32': Not used on non-Windows systems
[1.582s] INFO:colcon.colcon_notification.desktop_notification:Sending desktop notification using 'notify2'
[1.582s] DEBUG:colcon.colcon_notification.desktop_notification.notify2:Failed to initialize notify2: org.freedesktop.DBus.Error.FileNotFound: Failed to connect to socket /run/user/1000/bus: No such file or directory
[1.583s] DEBUG:colcon.colcon_core.event_reactor:joined thread
[1.593s] INFO:colcon.colcon_core.shell:Creating prefix script '/home/kevo/ros_ws/src/udemy_project/install/local_setup.ps1'
[1.594s] INFO:colcon.colcon_core.shell:Creating prefix util module '/home/kevo/ros_ws/src/udemy_project/install/_local_setup_util_ps1.py'
[1.595s] INFO:colcon.colcon_core.shell:Creating prefix chain script '/home/kevo/ros_ws/src/udemy_project/install/setup.ps1'
[1.607s] INFO:colcon.colcon_core.shell:Creating prefix script '/home/kevo/ros_ws/src/udemy_project/install/local_setup.sh'
[1.607s] INFO:colcon.colcon_core.shell:Creating prefix util module '/home/kevo/ros_ws/src/udemy_project/install/_local_setup_util_sh.py'
[1.608s] INFO:colcon.colcon_core.shell:Creating prefix chain script '/home/kevo/ros_ws/src/udemy_project/install/setup.sh'
[1.621s] INFO:colcon.colcon_core.shell:Creating prefix script '/home/kevo/ros_ws/src/udemy_project/install/local_setup.bash'
[1.621s] INFO:colcon.colcon_core.shell:Creating prefix chain script '/home/kevo/ros_ws/src/udemy_project/install/setup.bash'
[1.633s] INFO:colcon.colcon_core.shell:Creating prefix script '/home/kevo/ros_ws/src/udemy_project/install/local_setup.zsh'
[1.633s] INFO:colcon.colcon_core.shell:Creating prefix chain script '/home/kevo/ros_ws/src/udemy_project/install/setup.zsh'
