[0.084s] Invoking command in '/home/kevo/ros_ws/src/udemy_project/build/my_arm_bringup': CMAKE_PREFIX_PATH=/opt/ros/humble /usr/bin/cmake --build /home/kevo/ros_ws/src/udemy_project/build/my_arm_bringup -- -j8 -l8
[0.154s] Invoked command in '/home/kevo/ros_ws/src/udemy_project/build/my_arm_bringup' returned '0': CMAKE_PREFIX_PATH=/opt/ros/humble /usr/bin/cmake --build /home/kevo/ros_ws/src/udemy_project/build/my_arm_bringup -- -j8 -l8
[0.177s] Invoking command in '/home/kevo/ros_ws/src/udemy_project/build/my_arm_bringup': CMAKE_PREFIX_PATH=/opt/ros/humble /usr/bin/cmake --install /home/kevo/ros_ws/src/udemy_project/build/my_arm_bringup
[0.182s] -- Install configuration: ""
[0.183s] -- Up-to-date: /home/kevo/ros_ws/src/udemy_project/install/my_arm_bringup/share/my_arm_bringup//launch
[0.183s] -- Up-to-date: /home/kevo/ros_ws/src/udemy_project/install/my_arm_bringup/share/my_arm_bringup//launch/my_robot_gazebo.launch.xml
[0.185s] -- Up-to-date: /home/kevo/ros_ws/src/udemy_project/install/my_arm_bringup/share/ament_index/resource_index/package_run_dependencies/my_arm_bringup
[0.185s] -- Up-to-date: /home/kevo/ros_ws/src/udemy_project/install/my_arm_bringup/share/ament_index/resource_index/parent_prefix_path/my_arm_bringup
[0.185s] -- Up-to-date: /home/kevo/ros_ws/src/udemy_project/install/my_arm_bringup/share/my_arm_bringup/environment/ament_prefix_path.sh
[0.185s] -- Up-to-date: /home/kevo/ros_ws/src/udemy_project/install/my_arm_bringup/share/my_arm_bringup/environment/ament_prefix_path.dsv
[0.185s] -- Up-to-date: /home/kevo/ros_ws/src/udemy_project/install/my_arm_bringup/share/my_arm_bringup/environment/path.sh
[0.186s] -- Up-to-date: /home/kevo/ros_ws/src/udemy_project/install/my_arm_bringup/share/my_arm_bringup/environment/path.dsv
[0.186s] -- Up-to-date: /home/kevo/ros_ws/src/udemy_project/install/my_arm_bringup/share/my_arm_bringup/local_setup.bash
[0.186s] -- Up-to-date: /home/kevo/ros_ws/src/udemy_project/install/my_arm_bringup/share/my_arm_bringup/local_setup.sh
[0.186s] -- Up-to-date: /home/kevo/ros_ws/src/udemy_project/install/my_arm_bringup/share/my_arm_bringup/local_setup.zsh
[0.187s] -- Up-to-date: /home/kevo/ros_ws/src/udemy_project/install/my_arm_bringup/share/my_arm_bringup/local_setup.dsv
[0.187s] -- Installing: /home/kevo/ros_ws/src/udemy_project/install/my_arm_bringup/share/my_arm_bringup/package.dsv
[0.189s] -- Up-to-date: /home/kevo/ros_ws/src/udemy_project/install/my_arm_bringup/share/ament_index/resource_index/packages/my_arm_bringup
[0.189s] -- Up-to-date: /home/kevo/ros_ws/src/udemy_project/install/my_arm_bringup/share/my_arm_bringup/cmake/my_arm_bringupConfig.cmake
[0.189s] -- Up-to-date: /home/kevo/ros_ws/src/udemy_project/install/my_arm_bringup/share/my_arm_bringup/cmake/my_arm_bringupConfig-version.cmake
[0.189s] -- Up-to-date: /home/kevo/ros_ws/src/udemy_project/install/my_arm_bringup/share/my_arm_bringup/package.xml
[0.192s] Invoked command in '/home/kevo/ros_ws/src/udemy_project/build/my_arm_bringup' returned '0': CMAKE_PREFIX_PATH=/opt/ros/humble /usr/bin/cmake --install /home/kevo/ros_ws/src/udemy_project/build/my_arm_bringup
