[0.078s] Invoking command in '/home/kevo/ros_ws/src/udemy_project/build/my_arm_description': CMAKE_PREFIX_PATH=/opt/ros/humble /usr/bin/cmake --build /home/kevo/ros_ws/src/udemy_project/build/my_arm_description -- -j8 -l8
[0.100s] -- Found ament_cmake: 1.3.5 (/opt/ros/humble/share/ament_cmake/cmake)
[0.353s] -- Configuring done
[0.356s] -- Generating done
[0.357s] -- Build files have been written to: /home/kevo/ros_ws/src/udemy_project/build/my_arm_description
[0.377s] Invoked command in '/home/kevo/ros_ws/src/udemy_project/build/my_arm_description' returned '0': CMAKE_PREFIX_PATH=/opt/ros/humble /usr/bin/cmake --build /home/kevo/ros_ws/src/udemy_project/build/my_arm_description -- -j8 -l8
[0.414s] Invoking command in '/home/kevo/ros_ws/src/udemy_project/build/my_arm_description': CMAKE_PREFIX_PATH=/opt/ros/humble /usr/bin/cmake --install /home/kevo/ros_ws/src/udemy_project/build/my_arm_description
[0.422s] -- Install configuration: ""
[0.423s] -- Up-to-date: /home/kevo/ros_ws/src/udemy_project/install/my_arm_description/share/my_arm_description//urdf
[0.423s] -- Up-to-date: /home/kevo/ros_ws/src/udemy_project/install/my_arm_description/share/my_arm_description//urdf/my_robot.urdf.xacro
[0.423s] -- Installing: /home/kevo/ros_ws/src/udemy_project/install/my_arm_description/share/my_arm_description//launch
[0.424s] -- Installing: /home/kevo/ros_ws/src/udemy_project/install/my_arm_description/share/my_arm_description//launch/display.launch.xml
[0.424s] -- Up-to-date: /home/kevo/ros_ws/src/udemy_project/install/my_arm_description/share/ament_index/resource_index/package_run_dependencies/my_arm_description
[0.424s] -- Up-to-date: /home/kevo/ros_ws/src/udemy_project/install/my_arm_description/share/ament_index/resource_index/parent_prefix_path/my_arm_description
[0.425s] -- Up-to-date: /home/kevo/ros_ws/src/udemy_project/install/my_arm_description/share/my_arm_description/environment/ament_prefix_path.sh
[0.425s] -- Installing: /home/kevo/ros_ws/src/udemy_project/install/my_arm_description/share/my_arm_description/environment/ament_prefix_path.dsv
[0.425s] -- Up-to-date: /home/kevo/ros_ws/src/udemy_project/install/my_arm_description/share/my_arm_description/environment/path.sh
[0.425s] -- Installing: /home/kevo/ros_ws/src/udemy_project/install/my_arm_description/share/my_arm_description/environment/path.dsv
[0.426s] -- Up-to-date: /home/kevo/ros_ws/src/udemy_project/install/my_arm_description/share/my_arm_description/local_setup.bash
[0.426s] -- Up-to-date: /home/kevo/ros_ws/src/udemy_project/install/my_arm_description/share/my_arm_description/local_setup.sh
[0.426s] -- Up-to-date: /home/kevo/ros_ws/src/udemy_project/install/my_arm_description/share/my_arm_description/local_setup.zsh
[0.426s] -- Installing: /home/kevo/ros_ws/src/udemy_project/install/my_arm_description/share/my_arm_description/local_setup.dsv
[0.426s] -- Installing: /home/kevo/ros_ws/src/udemy_project/install/my_arm_description/share/my_arm_description/package.dsv
[0.426s] -- Up-to-date: /home/kevo/ros_ws/src/udemy_project/install/my_arm_description/share/ament_index/resource_index/packages/my_arm_description
[0.426s] -- Up-to-date: /home/kevo/ros_ws/src/udemy_project/install/my_arm_description/share/my_arm_description/cmake/my_arm_descriptionConfig.cmake
[0.426s] -- Up-to-date: /home/kevo/ros_ws/src/udemy_project/install/my_arm_description/share/my_arm_description/cmake/my_arm_descriptionConfig-version.cmake
[0.426s] -- Up-to-date: /home/kevo/ros_ws/src/udemy_project/install/my_arm_description/share/my_arm_description/package.xml
[0.431s] Invoked command in '/home/kevo/ros_ws/src/udemy_project/build/my_arm_description' returned '0': CMAKE_PREFIX_PATH=/opt/ros/humble /usr/bin/cmake --install /home/kevo/ros_ws/src/udemy_project/build/my_arm_description
